02:26:35 **** Build of project pufSoC_bsp ****
make -k all 
"Running Make include in ps7_cortexa9_0/libsrc/coresightps_dcc_v1_4/src"
make -C ps7_cortexa9_0/libsrc/coresightps_dcc_v1_4/src -s include  "SHELL=CMD" "COMPILER=arm-none-eabi-gcc" "ARCHIVER=arm-none-eabi-ar" "COMPILER_FLAGS=  -O2 -c" "EXTRA_COMPILER_FLAGS=-mcpu=cortex-a9 -mfpu=vfpv3 -mfloat-abi=hard -nostartfiles -g -Wall -Wextra"
"Running Make include in ps7_cortexa9_0/libsrc/cpu_cortexa9_v2_6/src"
make -C ps7_cortexa9_0/libsrc/cpu_cortexa9_v2_6/src -s include  "SHELL=CMD" "COMPILER=arm-none-eabi-gcc" "ARCHIVER=arm-none-eabi-ar" "COMPILER_FLAGS=  -O2 -c" "EXTRA_COMPILER_FLAGS=-mcpu=cortex-a9 -mfpu=vfpv3 -mfloat-abi=hard -nostartfiles -g -Wall -Wextra"
"Running Make include in ps7_cortexa9_0/libsrc/ddrps_v1_0/src"
make -C ps7_cortexa9_0/libsrc/ddrps_v1_0/src -s include  "SHELL=CMD" "COMPILER=arm-none-eabi-gcc" "ARCHIVER=arm-none-eabi-ar" "COMPILER_FLAGS=  -O2 -c" "EXTRA_COMPILER_FLAGS=-mcpu=cortex-a9 -mfpu=vfpv3 -mfloat-abi=hard -nostartfiles -g -Wall -Wextra"
"Running Make include in ps7_cortexa9_0/libsrc/devcfg_v3_5/src"
make -C ps7_cortexa9_0/libsrc/devcfg_v3_5/src -s include  "SHELL=CMD" "COMPILER=arm-none-eabi-gcc" "ARCHIVER=arm-none-eabi-ar" "COMPILER_FLAGS=  -O2 -c" "EXTRA_COMPILER_FLAGS=-mcpu=cortex-a9 -mfpu=vfpv3 -mfloat-abi=hard -nostartfiles -g -Wall -Wextra"
"Running Make include in ps7_cortexa9_0/libsrc/dmaps_v2_3/src"
make -C ps7_cortexa9_0/libsrc/dmaps_v2_3/src -s include  "SHELL=CMD" "COMPILER=arm-none-eabi-gcc" "ARCHIVER=arm-none-eabi-ar" "COMPILER_FLAGS=  -O2 -c" "EXTRA_COMPILER_FLAGS=-mcpu=cortex-a9 -mfpu=vfpv3 -mfloat-abi=hard -nostartfiles -g -Wall -Wextra"
"Running Make include in ps7_cortexa9_0/libsrc/emacps_v3_7/src"
make -C ps7_cortexa9_0/libsrc/emacps_v3_7/src -s include  "SHELL=CMD" "COMPILER=arm-none-eabi-gcc" "ARCHIVER=arm-none-eabi-ar" "COMPILER_FLAGS=  -O2 -c" "EXTRA_COMPILER_FLAGS=-mcpu=cortex-a9 -mfpu=vfpv3 -mfloat-abi=hard -nostartfiles -g -Wall -Wextra"
"Running Make include in ps7_cortexa9_0/libsrc/gpio_v4_3/src"
make -C ps7_cortexa9_0/libsrc/gpio_v4_3/src -s include  "SHELL=CMD" "COMPILER=arm-none-eabi-gcc" "ARCHIVER=arm-none-eabi-ar" "COMPILER_FLAGS=  -O2 -c" "EXTRA_COMPILER_FLAGS=-mcpu=cortex-a9 -mfpu=vfpv3 -mfloat-abi=hard -nostartfiles -g -Wall -Wextra"
"Running Make include in ps7_cortexa9_0/libsrc/gpiops_v3_3/src"
make -C ps7_cortexa9_0/libsrc/gpiops_v3_3/src -s include  "SHELL=CMD" "COMPILER=arm-none-eabi-gcc" "ARCHIVER=arm-none-eabi-ar" "COMPILER_FLAGS=  -O2 -c" "EXTRA_COMPILER_FLAGS=-mcpu=cortex-a9 -mfpu=vfpv3 -mfloat-abi=hard -nostartfiles -g -Wall -Wextra"
"Running Make include in ps7_cortexa9_0/libsrc/qspips_v3_4/src"
make -C ps7_cortexa9_0/libsrc/qspips_v3_4/src -s include  "SHELL=CMD" "COMPILER=arm-none-eabi-gcc" "ARCHIVER=arm-none-eabi-ar" "COMPILER_FLAGS=  -O2 -c" "EXTRA_COMPILER_FLAGS=-mcpu=cortex-a9 -mfpu=vfpv3 -mfloat-abi=hard -nostartfiles -g -Wall -Wextra"
"Running Make include in ps7_cortexa9_0/libsrc/scugic_v3_9/src"
make -C ps7_cortexa9_0/libsrc/scugic_v3_9/src -s include  "SHELL=CMD" "COMPILER=arm-none-eabi-gcc" "ARCHIVER=arm-none-eabi-ar" "COMPILER_FLAGS=  -O2 -c" "EXTRA_COMPILER_FLAGS=-mcpu=cortex-a9 -mfpu=vfpv3 -mfloat-abi=hard -nostartfiles -g -Wall -Wextra"
"Running Make include in ps7_cortexa9_0/libsrc/scutimer_v2_1/src"
make -C ps7_cortexa9_0/libsrc/scutimer_v2_1/src -s include  "SHELL=CMD" "COMPILER=arm-none-eabi-gcc" "ARCHIVER=arm-none-eabi-ar" "COMPILER_FLAGS=  -O2 -c" "EXTRA_COMPILER_FLAGS=-mcpu=cortex-a9 -mfpu=vfpv3 -mfloat-abi=hard -nostartfiles -g -Wall -Wextra"
"Running Make include in ps7_cortexa9_0/libsrc/scuwdt_v2_1/src"
make -C ps7_cortexa9_0/libsrc/scuwdt_v2_1/src -s include  "SHELL=CMD" "COMPILER=arm-none-eabi-gcc" "ARCHIVER=arm-none-eabi-ar" "COMPILER_FLAGS=  -O2 -c" "EXTRA_COMPILER_FLAGS=-mcpu=cortex-a9 -mfpu=vfpv3 -mfloat-abi=hard -nostartfiles -g -Wall -Wextra"
"Running Make include in ps7_cortexa9_0/libsrc/sdps_v3_5/src"
make -C ps7_cortexa9_0/libsrc/sdps_v3_5/src -s include  "SHELL=CMD" "COMPILER=arm-none-eabi-gcc" "ARCHIVER=arm-none-eabi-ar" "COMPILER_FLAGS=  -O2 -c" "EXTRA_COMPILER_FLAGS=-mcpu=cortex-a9 -mfpu=vfpv3 -mfloat-abi=hard -nostartfiles -g -Wall -Wextra"
"Running Make include in ps7_cortexa9_0/libsrc/standalone_v6_7/src"
make -C ps7_cortexa9_0/libsrc/standalone_v6_7/src -s include  "SHELL=CMD" "COMPILER=arm-none-eabi-gcc" "ARCHIVER=arm-none-eabi-ar" "COMPILER_FLAGS=  -O2 -c" "EXTRA_COMPILER_FLAGS=-mcpu=cortex-a9 -mfpu=vfpv3 -mfloat-abi=hard -nostartfiles -g -Wall -Wextra"
"Running Make include in ps7_cortexa9_0/libsrc/uartps_v3_6/src"
make -C ps7_cortexa9_0/libsrc/uartps_v3_6/src -s include  "SHELL=CMD" "COMPILER=arm-none-eabi-gcc" "ARCHIVER=arm-none-eabi-ar" "COMPILER_FLAGS=  -O2 -c" "EXTRA_COMPILER_FLAGS=-mcpu=cortex-a9 -mfpu=vfpv3 -mfloat-abi=hard -nostartfiles -g -Wall -Wextra"
"Running Make include in ps7_cortexa9_0/libsrc/usbps_v2_4/src"
make -C ps7_cortexa9_0/libsrc/usbps_v2_4/src -s include  "SHELL=CMD" "COMPILER=arm-none-eabi-gcc" "ARCHIVER=arm-none-eabi-ar" "COMPILER_FLAGS=  -O2 -c" "EXTRA_COMPILER_FLAGS=-mcpu=cortex-a9 -mfpu=vfpv3 -mfloat-abi=hard -nostartfiles -g -Wall -Wextra"
"Running Make include in ps7_cortexa9_0/libsrc/xadcps_v2_2/src"
make -C ps7_cortexa9_0/libsrc/xadcps_v2_2/src -s include  "SHELL=CMD" "COMPILER=arm-none-eabi-gcc" "ARCHIVER=arm-none-eabi-ar" "COMPILER_FLAGS=  -O2 -c" "EXTRA_COMPILER_FLAGS=-mcpu=cortex-a9 -mfpu=vfpv3 -mfloat-abi=hard -nostartfiles -g -Wall -Wextra"
"Running Make libs in ps7_cortexa9_0/libsrc/coresightps_dcc_v1_4/src"
make -C ps7_cortexa9_0/libsrc/coresightps_dcc_v1_4/src -s libs  "SHELL=CMD" "COMPILER=arm-none-eabi-gcc" "ARCHIVER=arm-none-eabi-ar" "COMPILER_FLAGS=  -O2 -c" "EXTRA_COMPILER_FLAGS=-mcpu=cortex-a9 -mfpu=vfpv3 -mfloat-abi=hard -nostartfiles -g -Wall -Wextra"
"Compiling coresightps_dcc"
arm-none-eabi-ar: creating ../../../lib/libxil.a
"Running Make libs in ps7_cortexa9_0/libsrc/cpu_cortexa9_v2_6/src"
make -C ps7_cortexa9_0/libsrc/cpu_cortexa9_v2_6/src -s libs  "SHELL=CMD" "COMPILER=arm-none-eabi-gcc" "ARCHIVER=arm-none-eabi-ar" "COMPILER_FLAGS=  -O2 -c" "EXTRA_COMPILER_FLAGS=-mcpu=cortex-a9 -mfpu=vfpv3 -mfloat-abi=hard -nostartfiles -g -Wall -Wextra"
"Compiling cpu_cortexa9"
"Running Make libs in ps7_cortexa9_0/libsrc/ddrps_v1_0/src"
make -C ps7_cortexa9_0/libsrc/ddrps_v1_0/src -s libs  "SHELL=CMD" "COMPILER=arm-none-eabi-gcc" "ARCHIVER=arm-none-eabi-ar" "COMPILER_FLAGS=  -O2 -c" "EXTRA_COMPILER_FLAGS=-mcpu=cortex-a9 -mfpu=vfpv3 -mfloat-abi=hard -nostartfiles -g -Wall -Wextra"
"Compiling ddrps"
"Running Make libs in ps7_cortexa9_0/libsrc/devcfg_v3_5/src"
make -C ps7_cortexa9_0/libsrc/devcfg_v3_5/src -s libs  "SHELL=CMD" "COMPILER=arm-none-eabi-gcc" "ARCHIVER=arm-none-eabi-ar" "COMPILER_FLAGS=  -O2 -c" "EXTRA_COMPILER_FLAGS=-mcpu=cortex-a9 -mfpu=vfpv3 -mfloat-abi=hard -nostartfiles -g -Wall -Wextra"
"Compiling devcfg"
"Running Make libs in ps7_cortexa9_0/libsrc/dmaps_v2_3/src"
make -C ps7_cortexa9_0/libsrc/dmaps_v2_3/src -s libs  "SHELL=CMD" "COMPILER=arm-none-eabi-gcc" "ARCHIVER=arm-none-eabi-ar" "COMPILER_FLAGS=  -O2 -c" "EXTRA_COMPILER_FLAGS=-mcpu=cortex-a9 -mfpu=vfpv3 -mfloat-abi=hard -nostartfiles -g -Wall -Wextra"
"Compiling dmaps"
"Running Make libs in ps7_cortexa9_0/libsrc/emacps_v3_7/src"
make -C ps7_cortexa9_0/libsrc/emacps_v3_7/src -s libs  "SHELL=CMD" "COMPILER=arm-none-eabi-gcc" "ARCHIVER=arm-none-eabi-ar" "COMPILER_FLAGS=  -O2 -c" "EXTRA_COMPILER_FLAGS=-mcpu=cortex-a9 -mfpu=vfpv3 -mfloat-abi=hard -nostartfiles -g -Wall -Wextra"
"Compiling emacps"
"Running Make libs in ps7_cortexa9_0/libsrc/gpio_v4_3/src"
make -C ps7_cortexa9_0/libsrc/gpio_v4_3/src -s libs  "SHELL=CMD" "COMPILER=arm-none-eabi-gcc" "ARCHIVER=arm-none-eabi-ar" "COMPILER_FLAGS=  -O2 -c" "EXTRA_COMPILER_FLAGS=-mcpu=cortex-a9 -mfpu=vfpv3 -mfloat-abi=hard -nostartfiles -g -Wall -Wextra"
"Compiling gpio"
"Running Make libs in ps7_cortexa9_0/libsrc/gpiops_v3_3/src"
make -C ps7_cortexa9_0/libsrc/gpiops_v3_3/src -s libs  "SHELL=CMD" "COMPILER=arm-none-eabi-gcc" "ARCHIVER=arm-none-eabi-ar" "COMPILER_FLAGS=  -O2 -c" "EXTRA_COMPILER_FLAGS=-mcpu=cortex-a9 -mfpu=vfpv3 -mfloat-abi=hard -nostartfiles -g -Wall -Wextra"
"Compiling gpiops"
"Running Make libs in ps7_cortexa9_0/libsrc/qspips_v3_4/src"
make -C ps7_cortexa9_0/libsrc/qspips_v3_4/src -s libs  "SHELL=CMD" "COMPILER=arm-none-eabi-gcc" "ARCHIVER=arm-none-eabi-ar" "COMPILER_FLAGS=  -O2 -c" "EXTRA_COMPILER_FLAGS=-mcpu=cortex-a9 -mfpu=vfpv3 -mfloat-abi=hard -nostartfiles -g -Wall -Wextra"
"Compiling qspips"
"Running Make libs in ps7_cortexa9_0/libsrc/scugic_v3_9/src"
make -C ps7_cortexa9_0/libsrc/scugic_v3_9/src -s libs  "SHELL=CMD" "COMPILER=arm-none-eabi-gcc" "ARCHIVER=arm-none-eabi-ar" "COMPILER_FLAGS=  -O2 -c" "EXTRA_COMPILER_FLAGS=-mcpu=cortex-a9 -mfpu=vfpv3 -mfloat-abi=hard -nostartfiles -g -Wall -Wextra"
"Compiling scugic"
"Running Make libs in ps7_cortexa9_0/libsrc/scutimer_v2_1/src"
make -C ps7_cortexa9_0/libsrc/scutimer_v2_1/src -s libs  "SHELL=CMD" "COMPILER=arm-none-eabi-gcc" "ARCHIVER=arm-none-eabi-ar" "COMPILER_FLAGS=  -O2 -c" "EXTRA_COMPILER_FLAGS=-mcpu=cortex-a9 -mfpu=vfpv3 -mfloat-abi=hard -nostartfiles -g -Wall -Wextra"
"Compiling scutimer"
"Running Make libs in ps7_cortexa9_0/libsrc/scuwdt_v2_1/src"
make -C ps7_cortexa9_0/libsrc/scuwdt_v2_1/src -s libs  "SHELL=CMD" "COMPILER=arm-none-eabi-gcc" "ARCHIVER=arm-none-eabi-ar" "COMPILER_FLAGS=  -O2 -c" "EXTRA_COMPILER_FLAGS=-mcpu=cortex-a9 -mfpu=vfpv3 -mfloat-abi=hard -nostartfiles -g -Wall -Wextra"
"Compiling scuwdt"
"Running Make libs in ps7_cortexa9_0/libsrc/sdps_v3_5/src"
make -C ps7_cortexa9_0/libsrc/sdps_v3_5/src -s libs  "SHELL=CMD" "COMPILER=arm-none-eabi-gcc" "ARCHIVER=arm-none-eabi-ar" "COMPILER_FLAGS=  -O2 -c" "EXTRA_COMPILER_FLAGS=-mcpu=cortex-a9 -mfpu=vfpv3 -mfloat-abi=hard -nostartfiles -g -Wall -Wextra"
"Compiling sdps"
"Running Make libs in ps7_cortexa9_0/libsrc/standalone_v6_7/src"
make -C ps7_cortexa9_0/libsrc/standalone_v6_7/src -s libs  "SHELL=CMD" "COMPILER=arm-none-eabi-gcc" "ARCHIVER=arm-none-eabi-ar" "COMPILER_FLAGS=  -O2 -c" "EXTRA_COMPILER_FLAGS=-mcpu=cortex-a9 -mfpu=vfpv3 -mfloat-abi=hard -nostartfiles -g -Wall -Wextra"
"Compiling standalone"
In file included from sleep.c:57:0:
xtime_l.h:89:9: note: #pragma message: For the sleep routines, Global timer is being used
 #pragma message ("For the sleep routines, Global timer is being used")
         ^~~~~~~
In file included from usleep.c:60:0:
xtime_l.h:89:9: note: #pragma message: For the sleep routines, Global timer is being used
 #pragma message ("For the sleep routines, Global timer is being used")
         ^~~~~~~
In file included from xil_sleeptimer.c:55:0:
xtime_l.h:89:9: note: #pragma message: For the sleep routines, Global timer is being used
 #pragma message ("For the sleep routines, Global timer is being used")
         ^~~~~~~
In file included from xtime_l.c:53:0:
xtime_l.h:89:9: note: #pragma message: For the sleep routines, Global timer is being used
 #pragma message ("For the sleep routines, Global timer is being used")
         ^~~~~~~
"Running Make libs in ps7_cortexa9_0/libsrc/uartps_v3_6/src"
make -C ps7_cortexa9_0/libsrc/uartps_v3_6/src -s libs  "SHELL=CMD" "COMPILER=arm-none-eabi-gcc" "ARCHIVER=arm-none-eabi-ar" "COMPILER_FLAGS=  -O2 -c" "EXTRA_COMPILER_FLAGS=-mcpu=cortex-a9 -mfpu=vfpv3 -mfloat-abi=hard -nostartfiles -g -Wall -Wextra"
"Compiling uartps"
"Running Make libs in ps7_cortexa9_0/libsrc/usbps_v2_4/src"
make -C ps7_cortexa9_0/libsrc/usbps_v2_4/src -s libs  "SHELL=CMD" "COMPILER=arm-none-eabi-gcc" "ARCHIVER=arm-none-eabi-ar" "COMPILER_FLAGS=  -O2 -c" "EXTRA_COMPILER_FLAGS=-mcpu=cortex-a9 -mfpu=vfpv3 -mfloat-abi=hard -nostartfiles -g -Wall -Wextra"
"Compiling usbps"
"Running Make libs in ps7_cortexa9_0/libsrc/xadcps_v2_2/src"
make -C ps7_cortexa9_0/libsrc/xadcps_v2_2/src -s libs  "SHELL=CMD" "COMPILER=arm-none-eabi-gcc" "ARCHIVER=arm-none-eabi-ar" "COMPILER_FLAGS=  -O2 -c" "EXTRA_COMPILER_FLAGS=-mcpu=cortex-a9 -mfpu=vfpv3 -mfloat-abi=hard -nostartfiles -g -Wall -Wextra"
"Compiling xadcps"
'Finished building libraries'
02:27:01 **** Build of configuration Debug for project pufSoC ****
make pre-build main-build 
a9-linaro-pre-build-step
' '
'Building file: ../src/helloworld.c'
'Invoking: ARM v7 gcc compiler'
arm-none-eabi-gcc -Wall -O0 -g3 -c -fmessage-length=0 -MT"src/helloworld.o" -mcpu=cortex-a9 -mfpu=vfpv3 -mfloat-abi=hard -I../../pufSoC_bsp/ps7_cortexa9_0/include -MMD -MP -MF"src/helloworld.d" -MT"src/helloworld.o" -o "src/helloworld.o" "../src/helloworld.c"
'Finished building: ../src/helloworld.c'
' '
'Building file: ../src/platform.c'
'Invoking: ARM v7 gcc compiler'
arm-none-eabi-gcc -Wall -O0 -g3 -c -fmessage-length=0 -MT"src/platform.o" -mcpu=cortex-a9 -mfpu=vfpv3 -mfloat-abi=hard -I../../pufSoC_bsp/ps7_cortexa9_0/include -MMD -MP -MF"src/platform.d" -MT"src/platform.o" -o "src/platform.o" "../src/platform.c"
'Finished building: ../src/platform.c'
' '
'Building target: pufSoC.elf'
'Invoking: ARM v7 gcc linker'
arm-none-eabi-gcc -mcpu=cortex-a9 -mfpu=vfpv3 -mfloat-abi=hard -Wl,-build-id=none -specs=Xilinx.spec -Wl,-T -Wl,../src/lscript.ld -L../../pufSoC_bsp/ps7_cortexa9_0/lib -o "pufSoC.elf"  ./src/helloworld.o ./src/platform.o   -Wl,--start-group,-lxil,-lgcc,-lc,--end-group
'Finished building target: pufSoC.elf'
' '
'Invoking: ARM v7 Print Size'
arm-none-eabi-size pufSoC.elf  |tee "pufSoC.elf.size"
   text	   data	    bss	    dec	    hex	filename
  72156	   2612	  23344	  98112	  17f40	pufSoC.elf
'Finished building: pufSoC.elf.size'
' '
02:28:55 **** Auto Build of configuration Debug for project pufSoC ****
make pre-build main-build 
a9-linaro-pre-build-step
' '
'Building file: ../src/helloworld.c'
'Invoking: ARM v7 gcc compiler'
arm-none-eabi-gcc -Wall -O0 -g3 -c -fmessage-length=0 -MT"src/helloworld.o" -mcpu=cortex-a9 -mfpu=vfpv3 -mfloat-abi=hard -I../../pufSoC_bsp/ps7_cortexa9_0/include -MMD -MP -MF"src/helloworld.d" -MT"src/helloworld.o" -o "src/helloworld.o" "../src/helloworld.c"
../src/helloworld.c: In function 'main':
../src/helloworld.c:61:14: warning: unused variable 'challengeData' [-Wunused-variable]
     int en=0,challengeData=0;
              ^~~~~~~~~~~~~
../src/helloworld.c:61:9: warning: unused variable 'en' [-Wunused-variable]
     int en=0,challengeData=0;
         ^~
../src/helloworld.c:59:37: warning: unused variable 'enable' [-Wunused-variable]
     XGpio input, output, challenge, enable;
                                     ^~~~~~
../src/helloworld.c:59:26: warning: unused variable 'challenge' [-Wunused-variable]
     XGpio input, output, challenge, enable;
                          ^~~~~~~~~
'Finished building: ../src/helloworld.c'
' '
'Building target: pufSoC.elf'
'Invoking: ARM v7 gcc linker'
arm-none-eabi-gcc -mcpu=cortex-a9 -mfpu=vfpv3 -mfloat-abi=hard -Wl,-build-id=none -specs=Xilinx.spec -Wl,-T -Wl,../src/lscript.ld -L../../pufSoC_bsp/ps7_cortexa9_0/lib -o "pufSoC.elf"  ./src/helloworld.o ./src/platform.o   -Wl,--start-group,-lxil,-lgcc,-lc,--end-group
'Finished building target: pufSoC.elf'
' '
'Invoking: ARM v7 Print Size'
arm-none-eabi-size pufSoC.elf  |tee "pufSoC.elf.size"
   text	   data	    bss	    dec	    hex	filename
  72156	   2612	  23344	  98112	  17f40	pufSoC.elf
'Finished building: pufSoC.elf.size'
' '
02:29:30 **** Auto Build of configuration Debug for project pufSoC ****
make pre-build main-build 
a9-linaro-pre-build-step
' '
'Building file: ../src/helloworld.c'
'Invoking: ARM v7 gcc compiler'
arm-none-eabi-gcc -Wall -O0 -g3 -c -fmessage-length=0 -MT"src/helloworld.o" -mcpu=cortex-a9 -mfpu=vfpv3 -mfloat-abi=hard -I../../pufSoC_bsp/ps7_cortexa9_0/include -MMD -MP -MF"src/helloworld.d" -MT"src/helloworld.o" -o "src/helloworld.o" "../src/helloworld.c"
../src/helloworld.c: In function 'main':
../src/helloworld.c:61:14: warning: unused variable 'challengeData' [-Wunused-variable]
     int en=0,challengeData=0;
              ^~~~~~~~~~~~~
../src/helloworld.c:61:9: warning: unused variable 'en' [-Wunused-variable]
     int en=0,challengeData=0;
         ^~
'Finished building: ../src/helloworld.c'
' '
'Building target: pufSoC.elf'
'Invoking: ARM v7 gcc linker'
arm-none-eabi-gcc -mcpu=cortex-a9 -mfpu=vfpv3 -mfloat-abi=hard -Wl,-build-id=none -specs=Xilinx.spec -Wl,-T -Wl,../src/lscript.ld -L../../pufSoC_bsp/ps7_cortexa9_0/lib -o "pufSoC.elf"  ./src/helloworld.o ./src/platform.o   -Wl,--start-group,-lxil,-lgcc,-lc,--end-group
'Finished building target: pufSoC.elf'
' '
'Invoking: ARM v7 Print Size'
arm-none-eabi-size pufSoC.elf  |tee "pufSoC.elf.size"
   text	   data	    bss	    dec	    hex	filename
  72156	   2612	  23344	  98112	  17f40	pufSoC.elf
'Finished building: pufSoC.elf.size'
' '
02:31:07 **** Auto Build of configuration Debug for project pufSoC ****
make pre-build main-build 
a9-linaro-pre-build-step
' '
'Building file: ../src/helloworld.c'
'Invoking: ARM v7 gcc compiler'
arm-none-eabi-gcc -Wall -O0 -g3 -c -fmessage-length=0 -MT"src/helloworld.o" -mcpu=cortex-a9 -mfpu=vfpv3 -mfloat-abi=hard -I../../pufSoC_bsp/ps7_cortexa9_0/include -MMD -MP -MF"src/helloworld.d" -MT"src/helloworld.o" -o "src/helloworld.o" "../src/helloworld.c"
../src/helloworld.c: In function 'main':
../src/helloworld.c:61:14: warning: unused variable 'challengeData' [-Wunused-variable]
     int en=0,challengeData=0;
              ^~~~~~~~~~~~~
../src/helloworld.c:61:9: warning: unused variable 'en' [-Wunused-variable]
     int en=0,challengeData=0;
         ^~
'Finished building: ../src/helloworld.c'
' '
'Building target: pufSoC.elf'
'Invoking: ARM v7 gcc linker'
arm-none-eabi-gcc -mcpu=cortex-a9 -mfpu=vfpv3 -mfloat-abi=hard -Wl,-build-id=none -specs=Xilinx.spec -Wl,-T -Wl,../src/lscript.ld -L../../pufSoC_bsp/ps7_cortexa9_0/lib -o "pufSoC.elf"  ./src/helloworld.o ./src/platform.o   -Wl,--start-group,-lxil,-lgcc,-lc,--end-group
'Finished building target: pufSoC.elf'
' '
'Invoking: ARM v7 Print Size'
arm-none-eabi-size pufSoC.elf  |tee "pufSoC.elf.size"
   text	   data	    bss	    dec	    hex	filename
  72220	   2612	  23344	  98176	  17f80	pufSoC.elf
'Finished building: pufSoC.elf.size'
' '
02:34:26 **** Auto Build of configuration Debug for project pufSoC ****
make pre-build main-build 
a9-linaro-pre-build-step
' '
'Building file: ../src/helloworld.c'
'Invoking: ARM v7 gcc compiler'
arm-none-eabi-gcc -Wall -O0 -g3 -c -fmessage-length=0 -MT"src/helloworld.o" -mcpu=cortex-a9 -mfpu=vfpv3 -mfloat-abi=hard -I../../pufSoC_bsp/ps7_cortexa9_0/include -MMD -MP -MF"src/helloworld.d" -MT"src/helloworld.o" -o "src/helloworld.o" "../src/helloworld.c"
../src/helloworld.c: In function 'main':
../src/helloworld.c:65:23: error: 'gpio2' undeclared (first use in this function); did you mean 'gpio0'?
     XGpio_Initialize(&gpio2, XPAR_AXI_GPIO_0_DEVICE_ID); //initialize output XGpio variable
                       ^~~~~
                       gpio0
../src/helloworld.c:65:23: note: each undeclared identifier is reported only once for each function it appears in
../src/helloworld.c:61:14: warning: unused variable 'challengeData' [-Wunused-variable]
     int en=0,challengeData=0;
              ^~~~~~~~~~~~~
../src/helloworld.c:61:9: warning: unused variable 'en' [-Wunused-variable]
     int en=0,challengeData=0;
         ^~
../src/helloworld.c:59:18: warning: unused variable 'gpio0' [-Wunused-variable]
     XGpio gpio1, gpio0;
                  ^~~~~
make: *** [src/helloworld.o] Error 1
02:35:00 **** Auto Build of configuration Debug for project pufSoC ****
make pre-build main-build 
a9-linaro-pre-build-step
' '
'Building file: ../src/helloworld.c'
'Invoking: ARM v7 gcc compiler'
arm-none-eabi-gcc -Wall -O0 -g3 -c -fmessage-length=0 -MT"src/helloworld.o" -mcpu=cortex-a9 -mfpu=vfpv3 -mfloat-abi=hard -I../../pufSoC_bsp/ps7_cortexa9_0/include -MMD -MP -MF"src/helloworld.d" -MT"src/helloworld.o" -o "src/helloworld.o" "../src/helloworld.c"
../src/helloworld.c: In function 'main':
../src/helloworld.c:65:23: error: 'gpio2' undeclared (first use in this function); did you mean 'gpio0'?
     XGpio_Initialize(&gpio2, XPAR_AXI_GPIO_0_DEVICE_ID); //initialize output XGpio variable
                       ^~~~~
                       gpio0
../src/helloworld.c:65:23: note: each undeclared identifier is reported only once for each function it appears in
../src/helloworld.c:61:14: warning: unused variable 'challengeData' [-Wunused-variable]
     int en=0,challengeData=0;
              ^~~~~~~~~~~~~
../src/helloworld.c:61:9: warning: unused variable 'en' [-Wunused-variable]
     int en=0,challengeData=0;
         ^~
../src/helloworld.c:59:18: warning: unused variable 'gpio0' [-Wunused-variable]
     XGpio gpio1, gpio0;
                  ^~~~~
make: *** [src/helloworld.o] Error 1
02:35:13 **** Auto Build of configuration Debug for project pufSoC ****
make pre-build main-build 
a9-linaro-pre-build-step
' '
'Building file: ../src/helloworld.c'
'Invoking: ARM v7 gcc compiler'
arm-none-eabi-gcc -Wall -O0 -g3 -c -fmessage-length=0 -MT"src/helloworld.o" -mcpu=cortex-a9 -mfpu=vfpv3 -mfloat-abi=hard -I../../pufSoC_bsp/ps7_cortexa9_0/include -MMD -MP -MF"src/helloworld.d" -MT"src/helloworld.o" -o "src/helloworld.o" "../src/helloworld.c"
../src/helloworld.c: In function 'main':
../src/helloworld.c:61:14: warning: unused variable 'challengeData' [-Wunused-variable]
     int en=0,challengeData=0;
              ^~~~~~~~~~~~~
../src/helloworld.c:61:9: warning: unused variable 'en' [-Wunused-variable]
     int en=0,challengeData=0;
         ^~
'Finished building: ../src/helloworld.c'
' '
'Building target: pufSoC.elf'
'Invoking: ARM v7 gcc linker'
arm-none-eabi-gcc -mcpu=cortex-a9 -mfpu=vfpv3 -mfloat-abi=hard -Wl,-build-id=none -specs=Xilinx.spec -Wl,-T -Wl,../src/lscript.ld -L../../pufSoC_bsp/ps7_cortexa9_0/lib -o "pufSoC.elf"  ./src/helloworld.o ./src/platform.o   -Wl,--start-group,-lxil,-lgcc,-lc,--end-group
'Finished building target: pufSoC.elf'
' '
'Invoking: ARM v7 Print Size'
arm-none-eabi-size pufSoC.elf  |tee "pufSoC.elf.size"
   text	   data	    bss	    dec	    hex	filename
  72284	   2612	  23344	  98240	  17fc0	pufSoC.elf
'Finished building: pufSoC.elf.size'
' '
02:35:20 **** Auto Build of configuration Debug for project pufSoC ****
make pre-build main-build 
a9-linaro-pre-build-step
' '
'Building file: ../src/helloworld.c'
'Invoking: ARM v7 gcc compiler'
arm-none-eabi-gcc -Wall -O0 -g3 -c -fmessage-length=0 -MT"src/helloworld.o" -mcpu=cortex-a9 -mfpu=vfpv3 -mfloat-abi=hard -I../../pufSoC_bsp/ps7_cortexa9_0/include -MMD -MP -MF"src/helloworld.d" -MT"src/helloworld.o" -o "src/helloworld.o" "../src/helloworld.c"
../src/helloworld.c: In function 'main':
../src/helloworld.c:61:14: warning: unused variable 'challengeData' [-Wunused-variable]
     int en=0,challengeData=0;
              ^~~~~~~~~~~~~
../src/helloworld.c:61:9: warning: unused variable 'en' [-Wunused-variable]
     int en=0,challengeData=0;
         ^~
'Finished building: ../src/helloworld.c'
' '
'Building target: pufSoC.elf'
'Invoking: ARM v7 gcc linker'
arm-none-eabi-gcc -mcpu=cortex-a9 -mfpu=vfpv3 -mfloat-abi=hard -Wl,-build-id=none -specs=Xilinx.spec -Wl,-T -Wl,../src/lscript.ld -L../../pufSoC_bsp/ps7_cortexa9_0/lib -o "pufSoC.elf"  ./src/helloworld.o ./src/platform.o   -Wl,--start-group,-lxil,-lgcc,-lc,--end-group
'Finished building target: pufSoC.elf'
' '
'Invoking: ARM v7 Print Size'
arm-none-eabi-size pufSoC.elf  |tee "pufSoC.elf.size"
   text	   data	    bss	    dec	    hex	filename
  72300	   2612	  23344	  98256	  17fd0	pufSoC.elf
'Finished building: pufSoC.elf.size'
' '
02:36:22 **** Incremental Build of configuration Debug for project pufSoC ****
make pre-build main-build 
a9-linaro-pre-build-step
' '
make: Nothing to be done for `main-build'.
02:37:31 **** Auto Build of configuration Debug for project pufSoC ****
make pre-build main-build 
a9-linaro-pre-build-step
' '
'Building file: ../src/helloworld.c'
'Invoking: ARM v7 gcc compiler'
arm-none-eabi-gcc -Wall -O0 -g3 -c -fmessage-length=0 -MT"src/helloworld.o" -mcpu=cortex-a9 -mfpu=vfpv3 -mfloat-abi=hard -I../../pufSoC_bsp/ps7_cortexa9_0/include -MMD -MP -MF"src/helloworld.d" -MT"src/helloworld.o" -o "src/helloworld.o" "../src/helloworld.c"
../src/helloworld.c: In function 'main':
../src/helloworld.c:63:9: warning: unused variable 'dataSample' [-Wunused-variable]
     int dataSample[10][64];
         ^~~~~~~~~~
../src/helloworld.c:61:14: warning: unused variable 'challengeData' [-Wunused-variable]
     int en=0,challengeData=0;
              ^~~~~~~~~~~~~
../src/helloworld.c:61:9: warning: unused variable 'en' [-Wunused-variable]
     int en=0,challengeData=0;
         ^~
'Finished building: ../src/helloworld.c'
' '
'Building target: pufSoC.elf'
'Invoking: ARM v7 gcc linker'
arm-none-eabi-gcc -mcpu=cortex-a9 -mfpu=vfpv3 -mfloat-abi=hard -Wl,-build-id=none -specs=Xilinx.spec -Wl,-T -Wl,../src/lscript.ld -L../../pufSoC_bsp/ps7_cortexa9_0/lib -o "pufSoC.elf"  ./src/helloworld.o ./src/platform.o   -Wl,--start-group,-lxil,-lgcc,-lc,--end-group
'Finished building target: pufSoC.elf'
' '
'Invoking: ARM v7 Print Size'
arm-none-eabi-size pufSoC.elf  |tee "pufSoC.elf.size"
   text	   data	    bss	    dec	    hex	filename
  72300	   2612	  23344	  98256	  17fd0	pufSoC.elf
'Finished building: pufSoC.elf.size'
' '
02:40:10 **** Auto Build of configuration Debug for project pufSoC ****
make pre-build main-build 
a9-linaro-pre-build-step
' '
'Building file: ../src/helloworld.c'
'Invoking: ARM v7 gcc compiler'
arm-none-eabi-gcc -Wall -O0 -g3 -c -fmessage-length=0 -MT"src/helloworld.o" -mcpu=cortex-a9 -mfpu=vfpv3 -mfloat-abi=hard -I../../pufSoC_bsp/ps7_cortexa9_0/include -MMD -MP -MF"src/helloworld.d" -MT"src/helloworld.o" -o "src/helloworld.o" "../src/helloworld.c"
../src/helloworld.c: In function 'main':
../src/helloworld.c:62:5: error: unknown type name 'unsignedint'; did you mean 'unsigned int'?
     unsignedint dataSample[10][64];
     ^~~~~~~~~~~
     unsigned int
../src/helloworld.c:93:7: error: variable-sized object may not be initialized
       unsigned int dataSample[iter][i*4+k] = dataOut & 1;
       ^~~~~~~~
../src/helloworld.c:62:17: warning: unused variable 'dataSample' [-Wunused-variable]
     unsignedint dataSample[10][64];
                 ^~~~~~~~~~
make: *** [src/helloworld.o] Error 1
02:40:31 **** Auto Build of configuration Debug for project pufSoC ****
make pre-build main-build 
a9-linaro-pre-build-step
' '
'Building file: ../src/helloworld.c'
'Invoking: ARM v7 gcc compiler'
arm-none-eabi-gcc -Wall -O0 -g3 -c -fmessage-length=0 -MT"src/helloworld.o" -mcpu=cortex-a9 -mfpu=vfpv3 -mfloat-abi=hard -I../../pufSoC_bsp/ps7_cortexa9_0/include -MMD -MP -MF"src/helloworld.d" -MT"src/helloworld.o" -o "src/helloworld.o" "../src/helloworld.c"
../src/helloworld.c: In function 'main':
../src/helloworld.c:93:7: error: variable-sized object may not be initialized
       unsigned int dataSample[iter][i*4+k] = dataOut & 1;
       ^~~~~~~~
../src/helloworld.c:62:18: warning: unused variable 'dataSample' [-Wunused-variable]
     unsigned int dataSample[10][64];
                  ^~~~~~~~~~
make: *** [src/helloworld.o] Error 1
02:40:40 **** Auto Build of configuration Debug for project pufSoC ****
make pre-build main-build 
a9-linaro-pre-build-step
' '
'Building file: ../src/helloworld.c'
'Invoking: ARM v7 gcc compiler'
arm-none-eabi-gcc -Wall -O0 -g3 -c -fmessage-length=0 -MT"src/helloworld.o" -mcpu=cortex-a9 -mfpu=vfpv3 -mfloat-abi=hard -I../../pufSoC_bsp/ps7_cortexa9_0/include -MMD -MP -MF"src/helloworld.d" -MT"src/helloworld.o" -o "src/helloworld.o" "../src/helloworld.c"
'Finished building: ../src/helloworld.c'
' '
'Building target: pufSoC.elf'
'Invoking: ARM v7 gcc linker'
arm-none-eabi-gcc -mcpu=cortex-a9 -mfpu=vfpv3 -mfloat-abi=hard -Wl,-build-id=none -specs=Xilinx.spec -Wl,-T -Wl,../src/lscript.ld -L../../pufSoC_bsp/ps7_cortexa9_0/lib -o "pufSoC.elf"  ./src/helloworld.o ./src/platform.o   -Wl,--start-group,-lxil,-lgcc,-lc,--end-group
'Finished building target: pufSoC.elf'
' '
'Invoking: ARM v7 Print Size'
arm-none-eabi-size pufSoC.elf  |tee "pufSoC.elf.size"
   text	   data	    bss	    dec	    hex	filename
  72364	   2612	  23344	  98320	  18010	pufSoC.elf
'Finished building: pufSoC.elf.size'
' '
02:41:12 **** Incremental Build of configuration Debug for project pufSoC ****
make pre-build main-build 
a9-linaro-pre-build-step
' '
make: Nothing to be done for `main-build'.
02:41:46 **** Auto Build of configuration Debug for project pufSoC ****
make pre-build main-build 
a9-linaro-pre-build-step
' '
'Building file: ../src/helloworld.c'
'Invoking: ARM v7 gcc compiler'
arm-none-eabi-gcc -Wall -O0 -g3 -c -fmessage-length=0 -MT"src/helloworld.o" -mcpu=cortex-a9 -mfpu=vfpv3 -mfloat-abi=hard -I../../pufSoC_bsp/ps7_cortexa9_0/include -MMD -MP -MF"src/helloworld.d" -MT"src/helloworld.o" -o "src/helloworld.o" "../src/helloworld.c"
../src/helloworld.c: In function 'main':
../src/helloworld.c:63:18: warning: unused variable 'finalData' [-Wunused-variable]
     unsigned int finalData[64];
                  ^~~~~~~~~
'Finished building: ../src/helloworld.c'
' '
'Building target: pufSoC.elf'
'Invoking: ARM v7 gcc linker'
arm-none-eabi-gcc -mcpu=cortex-a9 -mfpu=vfpv3 -mfloat-abi=hard -Wl,-build-id=none -specs=Xilinx.spec -Wl,-T -Wl,../src/lscript.ld -L../../pufSoC_bsp/ps7_cortexa9_0/lib -o "pufSoC.elf"  ./src/helloworld.o ./src/platform.o   -Wl,--start-group,-lxil,-lgcc,-lc,--end-group
'Finished building target: pufSoC.elf'
' '
'Invoking: ARM v7 Print Size'
arm-none-eabi-size pufSoC.elf  |tee "pufSoC.elf.size"
   text	   data	    bss	    dec	    hex	filename
  72364	   2612	  23344	  98320	  18010	pufSoC.elf
'Finished building: pufSoC.elf.size'
' '
02:48:40 **** Auto Build of configuration Debug for project pufSoC ****
make pre-build main-build 
a9-linaro-pre-build-step
' '
'Building file: ../src/helloworld.c'
'Invoking: ARM v7 gcc compiler'
arm-none-eabi-gcc -Wall -O0 -g3 -c -fmessage-length=0 -MT"src/helloworld.o" -mcpu=cortex-a9 -mfpu=vfpv3 -mfloat-abi=hard -I../../pufSoC_bsp/ps7_cortexa9_0/include -MMD -MP -MF"src/helloworld.d" -MT"src/helloworld.o" -o "src/helloworld.o" "../src/helloworld.c"
'Finished building: ../src/helloworld.c'
' '
'Building target: pufSoC.elf'
'Invoking: ARM v7 gcc linker'
arm-none-eabi-gcc -mcpu=cortex-a9 -mfpu=vfpv3 -mfloat-abi=hard -Wl,-build-id=none -specs=Xilinx.spec -Wl,-T -Wl,../src/lscript.ld -L../../pufSoC_bsp/ps7_cortexa9_0/lib -o "pufSoC.elf"  ./src/helloworld.o ./src/platform.o   -Wl,--start-group,-lxil,-lgcc,-lc,--end-group
'Finished building target: pufSoC.elf'
' '
'Invoking: ARM v7 Print Size'
arm-none-eabi-size pufSoC.elf  |tee "pufSoC.elf.size"
   text	   data	    bss	    dec	    hex	filename
  33932	   2216	  22904	  59052	   e6ac	pufSoC.elf
'Finished building: pufSoC.elf.size'
' '
02:50:18 **** Auto Build of configuration Debug for project pufSoC ****
make pre-build main-build 
a9-linaro-pre-build-step
' '
'Building file: ../src/helloworld.c'
'Invoking: ARM v7 gcc compiler'
arm-none-eabi-gcc -Wall -O0 -g3 -c -fmessage-length=0 -MT"src/helloworld.o" -mcpu=cortex-a9 -mfpu=vfpv3 -mfloat-abi=hard -I../../pufSoC_bsp/ps7_cortexa9_0/include -MMD -MP -MF"src/helloworld.d" -MT"src/helloworld.o" -o "src/helloworld.o" "../src/helloworld.c"
../src/helloworld.c: In function 'main':
../src/helloworld.c:113:38: error: 'i' undeclared (first use in this function)
     for (int index = 63; index >= 0; i--) {
                                      ^
../src/helloworld.c:113:38: note: each undeclared identifier is reported only once for each function it appears in
make: *** [src/helloworld.o] Error 1
02:50:30 **** Auto Build of configuration Debug for project pufSoC ****
make pre-build main-build 
a9-linaro-pre-build-step
' '
'Building file: ../src/helloworld.c'
'Invoking: ARM v7 gcc compiler'
arm-none-eabi-gcc -Wall -O0 -g3 -c -fmessage-length=0 -MT"src/helloworld.o" -mcpu=cortex-a9 -mfpu=vfpv3 -mfloat-abi=hard -I../../pufSoC_bsp/ps7_cortexa9_0/include -MMD -MP -MF"src/helloworld.d" -MT"src/helloworld.o" -o "src/helloworld.o" "../src/helloworld.c"
'Finished building: ../src/helloworld.c'
' '
'Building target: pufSoC.elf'
'Invoking: ARM v7 gcc linker'
arm-none-eabi-gcc -mcpu=cortex-a9 -mfpu=vfpv3 -mfloat-abi=hard -Wl,-build-id=none -specs=Xilinx.spec -Wl,-T -Wl,../src/lscript.ld -L../../pufSoC_bsp/ps7_cortexa9_0/lib -o "pufSoC.elf"  ./src/helloworld.o ./src/platform.o   -Wl,--start-group,-lxil,-lgcc,-lc,--end-group
'Finished building target: pufSoC.elf'
' '
'Invoking: ARM v7 Print Size'
arm-none-eabi-size pufSoC.elf  |tee "pufSoC.elf.size"
   text	   data	    bss	    dec	    hex	filename
  72684	   2612	  23600	  98896	  18250	pufSoC.elf
'Finished building: pufSoC.elf.size'
' '
02:50:37 **** Incremental Build of configuration Debug for project pufSoC ****
make pre-build main-build 
a9-linaro-pre-build-step
' '
make: Nothing to be done for `main-build'.
02:51:30 **** Auto Build of configuration Debug for project pufSoC ****
make pre-build main-build 
a9-linaro-pre-build-step
' '
'Building file: ../src/helloworld.c'
'Invoking: ARM v7 gcc compiler'
arm-none-eabi-gcc -Wall -O0 -g3 -c -fmessage-length=0 -MT"src/helloworld.o" -mcpu=cortex-a9 -mfpu=vfpv3 -mfloat-abi=hard -I../../pufSoC_bsp/ps7_cortexa9_0/include -MMD -MP -MF"src/helloworld.d" -MT"src/helloworld.o" -o "src/helloworld.o" "../src/helloworld.c"
'Finished building: ../src/helloworld.c'
' '
'Building target: pufSoC.elf'
'Invoking: ARM v7 gcc linker'
arm-none-eabi-gcc -mcpu=cortex-a9 -mfpu=vfpv3 -mfloat-abi=hard -Wl,-build-id=none -specs=Xilinx.spec -Wl,-T -Wl,../src/lscript.ld -L../../pufSoC_bsp/ps7_cortexa9_0/lib -o "pufSoC.elf"  ./src/helloworld.o ./src/platform.o   -Wl,--start-group,-lxil,-lgcc,-lc,--end-group
'Finished building target: pufSoC.elf'
' '
'Invoking: ARM v7 Print Size'
arm-none-eabi-size pufSoC.elf  |tee "pufSoC.elf.size"
   text	   data	    bss	    dec	    hex	filename
  72708	   2612	  23600	  98920	  18268	pufSoC.elf
'Finished building: pufSoC.elf.size'
' '
02:51:35 **** Incremental Build of configuration Debug for project pufSoC ****
make pre-build main-build 
a9-linaro-pre-build-step
' '
make: Nothing to be done for `main-build'.
02:53:33 **** Auto Build of configuration Debug for project pufSoC ****
make pre-build main-build 
a9-linaro-pre-build-step
' '
'Building file: ../src/helloworld.c'
'Invoking: ARM v7 gcc compiler'
arm-none-eabi-gcc -Wall -O0 -g3 -c -fmessage-length=0 -MT"src/helloworld.o" -mcpu=cortex-a9 -mfpu=vfpv3 -mfloat-abi=hard -I../../pufSoC_bsp/ps7_cortexa9_0/include -MMD -MP -MF"src/helloworld.d" -MT"src/helloworld.o" -o "src/helloworld.o" "../src/helloworld.c"
../src/helloworld.c: In function 'main':
../src/helloworld.c:96:28: error: assignment to expression with array type
       finalData[i * 4 + k] += dataSample[iter][i * 4 + k];
                            ^~
../src/helloworld.c:100:32: warning: comparison between pointer and integer
       if (finalData[i * 4 + k] >= 5) {
                                ^~
../src/helloworld.c:101:29: error: assignment to expression with array type
        finalData[i * 4 + k] = 1;
                             ^
../src/helloworld.c:104:29: error: assignment to expression with array type
        finalData[i * 4 + k] = 0;
                             ^
../src/helloworld.c:112:15: warning: format '%u' expects argument of type 'unsigned int', but argument 2 has type 'unsigned int *' [-Wformat=]
      printf("%u", finalData[index]);
              ~^   ~~~~~~~~~
              %ls
make: *** [src/helloworld.o] Error 1
02:54:49 **** Auto Build of configuration Debug for project pufSoC ****
make pre-build main-build 
a9-linaro-pre-build-step
' '
'Building file: ../src/helloworld.c'
'Invoking: ARM v7 gcc compiler'
arm-none-eabi-gcc -Wall -O0 -g3 -c -fmessage-length=0 -MT"src/helloworld.o" -mcpu=cortex-a9 -mfpu=vfpv3 -mfloat-abi=hard -I../../pufSoC_bsp/ps7_cortexa9_0/include -MMD -MP -MF"src/helloworld.d" -MT"src/helloworld.o" -o "src/helloworld.o" "../src/helloworld.c"
../src/helloworld.c: In function 'main':
../src/helloworld.c:76:26: error: expected expression before 'int'
  for (int challenge = 0; int challenge <4; int++) {
                          ^~~
../src/helloworld.c:76:44: error: expected expression before 'int'
  for (int challenge = 0; int challenge <4; int++) {
                                            ^~~
../src/helloworld.c:99:28: error: assignment to expression with array type
       finalData[i * 4 + k] += dataSample[iter][i * 4 + k];
                            ^~
../src/helloworld.c:103:32: warning: comparison between pointer and integer
       if (finalData[i * 4 + k] >= 5) {
                                ^~
../src/helloworld.c:104:29: error: assignment to expression with array type
        finalData[i * 4 + k] = 1;
                             ^
../src/helloworld.c:107:29: error: assignment to expression with array type
        finalData[i * 4 + k] = 0;
                             ^
../src/helloworld.c:115:15: warning: format '%u' expects argument of type 'unsigned int', but argument 2 has type 'unsigned int *' [-Wformat=]
      printf("%u", finalData[index]);
              ~^   ~~~~~~~~~
              %ls
make: *** [src/helloworld.o] Error 1
02:55:05 **** Auto Build of configuration Debug for project pufSoC ****
make pre-build main-build 
a9-linaro-pre-build-step
' '
'Building file: ../src/helloworld.c'
'Invoking: ARM v7 gcc compiler'
arm-none-eabi-gcc -Wall -O0 -g3 -c -fmessage-length=0 -MT"src/helloworld.o" -mcpu=cortex-a9 -mfpu=vfpv3 -mfloat-abi=hard -I../../pufSoC_bsp/ps7_cortexa9_0/include -MMD -MP -MF"src/helloworld.d" -MT"src/helloworld.o" -o "src/helloworld.o" "../src/helloworld.c"
../src/helloworld.c: In function 'main':
../src/helloworld.c:76:26: error: expected expression before 'int'
  for (int challenge = 0; int challenge <4; challenge++) {
                          ^~~
../src/helloworld.c:99:28: error: assignment to expression with array type
       finalData[i * 4 + k] += dataSample[iter][i * 4 + k];
                            ^~
../src/helloworld.c:103:32: warning: comparison between pointer and integer
       if (finalData[i * 4 + k] >= 5) {
                                ^~
../src/helloworld.c:104:29: error: assignment to expression with array type
        finalData[i * 4 + k] = 1;
                             ^
../src/helloworld.c:107:29: error: assignment to expression with array type
        finalData[i * 4 + k] = 0;
                             ^
../src/helloworld.c:115:15: warning: format '%u' expects argument of type 'unsigned int', but argument 2 has type 'unsigned int *' [-Wformat=]
      printf("%u", finalData[index]);
              ~^   ~~~~~~~~~
              %ls
make: *** [src/helloworld.o] Error 1
02:55:56 **** Auto Build of configuration Debug for project pufSoC ****
make pre-build main-build 
a9-linaro-pre-build-step
' '
'Building file: ../src/helloworld.c'
'Invoking: ARM v7 gcc compiler'
arm-none-eabi-gcc -Wall -O0 -g3 -c -fmessage-length=0 -MT"src/helloworld.o" -mcpu=cortex-a9 -mfpu=vfpv3 -mfloat-abi=hard -I../../pufSoC_bsp/ps7_cortexa9_0/include -MMD -MP -MF"src/helloworld.d" -MT"src/helloworld.o" -o "src/helloworld.o" "../src/helloworld.c"
../src/helloworld.c: In function 'main':
../src/helloworld.c:76:26: error: expected expression before 'int'
  for (int challenge = 0; int challenge <4; challenge++) {
                          ^~~
make: *** [src/helloworld.o] Error 1
02:56:22 **** Auto Build of configuration Debug for project pufSoC ****
make pre-build main-build 
a9-linaro-pre-build-step
' '
'Building file: ../src/helloworld.c'
'Invoking: ARM v7 gcc compiler'
arm-none-eabi-gcc -Wall -O0 -g3 -c -fmessage-length=0 -MT"src/helloworld.o" -mcpu=cortex-a9 -mfpu=vfpv3 -mfloat-abi=hard -I../../pufSoC_bsp/ps7_cortexa9_0/include -MMD -MP -MF"src/helloworld.d" -MT"src/helloworld.o" -o "src/helloworld.o" "../src/helloworld.c"
'Finished building: ../src/helloworld.c'
' '
'Building target: pufSoC.elf'
'Invoking: ARM v7 gcc linker'
arm-none-eabi-gcc -mcpu=cortex-a9 -mfpu=vfpv3 -mfloat-abi=hard -Wl,-build-id=none -specs=Xilinx.spec -Wl,-T -Wl,../src/lscript.ld -L../../pufSoC_bsp/ps7_cortexa9_0/lib -o "pufSoC.elf"  ./src/helloworld.o ./src/platform.o   -Wl,--start-group,-lxil,-lgcc,-lc,--end-group
'Finished building target: pufSoC.elf'
' '
'Invoking: ARM v7 Print Size'
arm-none-eabi-size pufSoC.elf  |tee "pufSoC.elf.size"
   text	   data	    bss	    dec	    hex	filename
  72764	   2612	  24368	  99744	  185a0	pufSoC.elf
'Finished building: pufSoC.elf.size'
' '
02:58:57 **** Auto Build of configuration Debug for project pufSoC ****
make pre-build main-build 
a9-linaro-pre-build-step
' '
'Building file: ../src/helloworld.c'
'Invoking: ARM v7 gcc compiler'
arm-none-eabi-gcc -Wall -O0 -g3 -c -fmessage-length=0 -MT"src/helloworld.o" -mcpu=cortex-a9 -mfpu=vfpv3 -mfloat-abi=hard -I../../pufSoC_bsp/ps7_cortexa9_0/include -MMD -MP -MF"src/helloworld.d" -MT"src/helloworld.o" -o "src/helloworld.o" "../src/helloworld.c"
'Finished building: ../src/helloworld.c'
' '
'Building target: pufSoC.elf'
'Invoking: ARM v7 gcc linker'
arm-none-eabi-gcc -mcpu=cortex-a9 -mfpu=vfpv3 -mfloat-abi=hard -Wl,-build-id=none -specs=Xilinx.spec -Wl,-T -Wl,../src/lscript.ld -L../../pufSoC_bsp/ps7_cortexa9_0/lib -o "pufSoC.elf"  ./src/helloworld.o ./src/platform.o   -Wl,--start-group,-lxil,-lgcc,-lc,--end-group
'Finished building target: pufSoC.elf'
' '
'Invoking: ARM v7 Print Size'
arm-none-eabi-size pufSoC.elf  |tee "pufSoC.elf.size"
   text	   data	    bss	    dec	    hex	filename
  72780	   2612	  24368	  99760	  185b0	pufSoC.elf
'Finished building: pufSoC.elf.size'
' '
02:59:08 **** Incremental Build of configuration Debug for project pufSoC ****
make pre-build main-build 
a9-linaro-pre-build-step
' '
make: Nothing to be done for `main-build'.
03:00:00 **** Auto Build of configuration Debug for project pufSoC ****
make pre-build main-build 
a9-linaro-pre-build-step
' '
'Building file: ../src/helloworld.c'
'Invoking: ARM v7 gcc compiler'
arm-none-eabi-gcc -Wall -O0 -g3 -c -fmessage-length=0 -MT"src/helloworld.o" -mcpu=cortex-a9 -mfpu=vfpv3 -mfloat-abi=hard -I../../pufSoC_bsp/ps7_cortexa9_0/include -MMD -MP -MF"src/helloworld.d" -MT"src/helloworld.o" -o "src/helloworld.o" "../src/helloworld.c"
'Finished building: ../src/helloworld.c'
' '
'Building target: pufSoC.elf'
'Invoking: ARM v7 gcc linker'
arm-none-eabi-gcc -mcpu=cortex-a9 -mfpu=vfpv3 -mfloat-abi=hard -Wl,-build-id=none -specs=Xilinx.spec -Wl,-T -Wl,../src/lscript.ld -L../../pufSoC_bsp/ps7_cortexa9_0/lib -o "pufSoC.elf"  ./src/helloworld.o ./src/platform.o   -Wl,--start-group,-lxil,-lgcc,-lc,--end-group
'Finished building target: pufSoC.elf'
' '
'Invoking: ARM v7 Print Size'
arm-none-eabi-size pufSoC.elf  |tee "pufSoC.elf.size"
   text	   data	    bss	    dec	    hex	filename
  72584	   2612	  24368	  99564	  184ec	pufSoC.elf
'Finished building: pufSoC.elf.size'
' '
03:00:11 **** Incremental Build of configuration Debug for project pufSoC ****
make pre-build main-build 
a9-linaro-pre-build-step
' '
make: Nothing to be done for `main-build'.
03:01:30 **** Auto Build of configuration Debug for project pufSoC ****
make pre-build main-build 
a9-linaro-pre-build-step
' '
'Building file: ../src/helloworld.c'
'Invoking: ARM v7 gcc compiler'
arm-none-eabi-gcc -Wall -O0 -g3 -c -fmessage-length=0 -MT"src/helloworld.o" -mcpu=cortex-a9 -mfpu=vfpv3 -mfloat-abi=hard -I../../pufSoC_bsp/ps7_cortexa9_0/include -MMD -MP -MF"src/helloworld.d" -MT"src/helloworld.o" -o "src/helloworld.o" "../src/helloworld.c"
'Finished building: ../src/helloworld.c'
' '
'Building target: pufSoC.elf'
'Invoking: ARM v7 gcc linker'
arm-none-eabi-gcc -mcpu=cortex-a9 -mfpu=vfpv3 -mfloat-abi=hard -Wl,-build-id=none -specs=Xilinx.spec -Wl,-T -Wl,../src/lscript.ld -L../../pufSoC_bsp/ps7_cortexa9_0/lib -o "pufSoC.elf"  ./src/helloworld.o ./src/platform.o   -Wl,--start-group,-lxil,-lgcc,-lc,--end-group
'Finished building target: pufSoC.elf'
' '
'Invoking: ARM v7 Print Size'
arm-none-eabi-size pufSoC.elf  |tee "pufSoC.elf.size"
   text	   data	    bss	    dec	    hex	filename
  72804	   2612	  24368	  99784	  185c8	pufSoC.elf
'Finished building: pufSoC.elf.size'
' '
03:06:32 **** Auto Build of configuration Debug for project pufSoC ****
make pre-build main-build 
a9-linaro-pre-build-step
' '
'Building file: ../src/helloworld.c'
'Invoking: ARM v7 gcc compiler'
arm-none-eabi-gcc -Wall -O0 -g3 -c -fmessage-length=0 -MT"src/helloworld.o" -mcpu=cortex-a9 -mfpu=vfpv3 -mfloat-abi=hard -I../../pufSoC_bsp/ps7_cortexa9_0/include -MMD -MP -MF"src/helloworld.d" -MT"src/helloworld.o" -o "src/helloworld.o" "../src/helloworld.c"
'Finished building: ../src/helloworld.c'
' '
'Building target: pufSoC.elf'
'Invoking: ARM v7 gcc linker'
arm-none-eabi-gcc -mcpu=cortex-a9 -mfpu=vfpv3 -mfloat-abi=hard -Wl,-build-id=none -specs=Xilinx.spec -Wl,-T -Wl,../src/lscript.ld -L../../pufSoC_bsp/ps7_cortexa9_0/lib -o "pufSoC.elf"  ./src/helloworld.o ./src/platform.o   -Wl,--start-group,-lxil,-lgcc,-lc,--end-group
'Finished building target: pufSoC.elf'
' '
'Invoking: ARM v7 Print Size'
arm-none-eabi-size pufSoC.elf  |tee "pufSoC.elf.size"
   text	   data	    bss	    dec	    hex	filename
  72900	   2612	  24384	  99896	  18638	pufSoC.elf
'Finished building: pufSoC.elf.size'
' '
03:06:38 **** Incremental Build of configuration Debug for project pufSoC ****
make pre-build main-build 
a9-linaro-pre-build-step
' '
make: Nothing to be done for `main-build'.
03:08:15 **** Auto Build of configuration Debug for project pufSoC ****
make pre-build main-build 
a9-linaro-pre-build-step
' '
'Building file: ../src/helloworld.c'
'Invoking: ARM v7 gcc compiler'
arm-none-eabi-gcc -Wall -O0 -g3 -c -fmessage-length=0 -MT"src/helloworld.o" -mcpu=cortex-a9 -mfpu=vfpv3 -mfloat-abi=hard -I../../pufSoC_bsp/ps7_cortexa9_0/include -MMD -MP -MF"src/helloworld.d" -MT"src/helloworld.o" -o "src/helloworld.o" "../src/helloworld.c"
'Finished building: ../src/helloworld.c'
' '
'Building target: pufSoC.elf'
'Invoking: ARM v7 gcc linker'
arm-none-eabi-gcc -mcpu=cortex-a9 -mfpu=vfpv3 -mfloat-abi=hard -Wl,-build-id=none -specs=Xilinx.spec -Wl,-T -Wl,../src/lscript.ld -L../../pufSoC_bsp/ps7_cortexa9_0/lib -o "pufSoC.elf"  ./src/helloworld.o ./src/platform.o   -Wl,--start-group,-lxil,-lgcc,-lc,--end-group
'Finished building target: pufSoC.elf'
' '
'Invoking: ARM v7 Print Size'
arm-none-eabi-size pufSoC.elf  |tee "pufSoC.elf.size"
   text	   data	    bss	    dec	    hex	filename
  72900	   2612	  24400	  99912	  18648	pufSoC.elf
'Finished building: pufSoC.elf.size'
' '
03:08:23 **** Auto Build of configuration Debug for project pufSoC ****
make pre-build main-build 
a9-linaro-pre-build-step
' '
'Building file: ../src/helloworld.c'
'Invoking: ARM v7 gcc compiler'
arm-none-eabi-gcc -Wall -O0 -g3 -c -fmessage-length=0 -MT"src/helloworld.o" -mcpu=cortex-a9 -mfpu=vfpv3 -mfloat-abi=hard -I../../pufSoC_bsp/ps7_cortexa9_0/include -MMD -MP -MF"src/helloworld.d" -MT"src/helloworld.o" -o "src/helloworld.o" "../src/helloworld.c"
'Finished building: ../src/helloworld.c'
' '
'Building target: pufSoC.elf'
'Invoking: ARM v7 gcc linker'
arm-none-eabi-gcc -mcpu=cortex-a9 -mfpu=vfpv3 -mfloat-abi=hard -Wl,-build-id=none -specs=Xilinx.spec -Wl,-T -Wl,../src/lscript.ld -L../../pufSoC_bsp/ps7_cortexa9_0/lib -o "pufSoC.elf"  ./src/helloworld.o ./src/platform.o   -Wl,--start-group,-lxil,-lgcc,-lc,--end-group
'Finished building target: pufSoC.elf'
' '
'Invoking: ARM v7 Print Size'
arm-none-eabi-size pufSoC.elf  |tee "pufSoC.elf.size"
   text	   data	    bss	    dec	    hex	filename
  72900	   2612	  24400	  99912	  18648	pufSoC.elf
'Finished building: pufSoC.elf.size'
' '
03:10:17 **** Auto Build of configuration Debug for project pufSoC ****
make pre-build main-build 
a9-linaro-pre-build-step
' '
'Building file: ../src/helloworld.c'
'Invoking: ARM v7 gcc compiler'
arm-none-eabi-gcc -Wall -O0 -g3 -c -fmessage-length=0 -MT"src/helloworld.o" -mcpu=cortex-a9 -mfpu=vfpv3 -mfloat-abi=hard -I../../pufSoC_bsp/ps7_cortexa9_0/include -MMD -MP -MF"src/helloworld.d" -MT"src/helloworld.o" -o "src/helloworld.o" "../src/helloworld.c"
../src/helloworld.c: In function 'main':
../src/helloworld.c:118:14: error: assignment to expression with array type
      bitFlip += 1;
              ^~
make: *** [src/helloworld.o] Error 1
03:10:37 **** Auto Build of configuration Debug for project pufSoC ****
make pre-build main-build 
a9-linaro-pre-build-step
' '
'Building file: ../src/helloworld.c'
'Invoking: ARM v7 gcc compiler'
arm-none-eabi-gcc -Wall -O0 -g3 -c -fmessage-length=0 -MT"src/helloworld.o" -mcpu=cortex-a9 -mfpu=vfpv3 -mfloat-abi=hard -I../../pufSoC_bsp/ps7_cortexa9_0/include -MMD -MP -MF"src/helloworld.d" -MT"src/helloworld.o" -o "src/helloworld.o" "../src/helloworld.c"
'Finished building: ../src/helloworld.c'
' '
'Building target: pufSoC.elf'
'Invoking: ARM v7 gcc linker'
arm-none-eabi-gcc -mcpu=cortex-a9 -mfpu=vfpv3 -mfloat-abi=hard -Wl,-build-id=none -specs=Xilinx.spec -Wl,-T -Wl,../src/lscript.ld -L../../pufSoC_bsp/ps7_cortexa9_0/lib -o "pufSoC.elf"  ./src/helloworld.o ./src/platform.o   -Wl,--start-group,-lxil,-lgcc,-lc,--end-group
'Finished building target: pufSoC.elf'
' '
'Invoking: ARM v7 Print Size'
arm-none-eabi-size pufSoC.elf  |tee "pufSoC.elf.size"
   text	   data	    bss	    dec	    hex	filename
  73092	   2612	  24400	 100104	  18708	pufSoC.elf
'Finished building: pufSoC.elf.size'
' '
03:11:52 **** Auto Build of configuration Debug for project pufSoC ****
make pre-build main-build 
a9-linaro-pre-build-step
' '
'Building file: ../src/helloworld.c'
'Invoking: ARM v7 gcc compiler'
arm-none-eabi-gcc -Wall -O0 -g3 -c -fmessage-length=0 -MT"src/helloworld.o" -mcpu=cortex-a9 -mfpu=vfpv3 -mfloat-abi=hard -I../../pufSoC_bsp/ps7_cortexa9_0/include -MMD -MP -MF"src/helloworld.d" -MT"src/helloworld.o" -o "src/helloworld.o" "../src/helloworld.c"
../src/helloworld.c: In function 'main':
../src/helloworld.c:121:84: warning: format '%d' expects argument of type 'int', but argument 4 has type 'unsigned int *' [-Wformat=]
    printf("Number of Bit Flips in response from challenge %d to challenge %d is : %d\n",challenge-1, challenge, bitFlip);
                                                                                   ~^                            ~~~~~~~
                                                                                   %ls
'Finished building: ../src/helloworld.c'
' '
'Building target: pufSoC.elf'
'Invoking: ARM v7 gcc linker'
arm-none-eabi-gcc -mcpu=cortex-a9 -mfpu=vfpv3 -mfloat-abi=hard -Wl,-build-id=none -specs=Xilinx.spec -Wl,-T -Wl,../src/lscript.ld -L../../pufSoC_bsp/ps7_cortexa9_0/lib -o "pufSoC.elf"  ./src/helloworld.o ./src/platform.o   -Wl,--start-group,-lxil,-lgcc,-lc,--end-group
'Finished building target: pufSoC.elf'
' '
'Invoking: ARM v7 Print Size'
arm-none-eabi-size pufSoC.elf  |tee "pufSoC.elf.size"
   text	   data	    bss	    dec	    hex	filename
  73164	   2612	  24400	 100176	  18750	pufSoC.elf
'Finished building: pufSoC.elf.size'
' '
03:11:56 **** Auto Build of configuration Debug for project pufSoC ****
make pre-build main-build 
a9-linaro-pre-build-step
' '
'Building file: ../src/helloworld.c'
'Invoking: ARM v7 gcc compiler'
arm-none-eabi-gcc -Wall -O0 -g3 -c -fmessage-length=0 -MT"src/helloworld.o" -mcpu=cortex-a9 -mfpu=vfpv3 -mfloat-abi=hard -I../../pufSoC_bsp/ps7_cortexa9_0/include -MMD -MP -MF"src/helloworld.d" -MT"src/helloworld.o" -o "src/helloworld.o" "../src/helloworld.c"
../src/helloworld.c: In function 'main':
../src/helloworld.c:121:84: warning: format '%u' expects argument of type 'unsigned int', but argument 4 has type 'unsigned int *' [-Wformat=]
    printf("Number of Bit Flips in response from challenge %d to challenge %d is : %u\n",challenge-1, challenge, bitFlip);
                                                                                   ~^                            ~~~~~~~
                                                                                   %ls
'Finished building: ../src/helloworld.c'
' '
'Building target: pufSoC.elf'
'Invoking: ARM v7 gcc linker'
arm-none-eabi-gcc -mcpu=cortex-a9 -mfpu=vfpv3 -mfloat-abi=hard -Wl,-build-id=none -specs=Xilinx.spec -Wl,-T -Wl,../src/lscript.ld -L../../pufSoC_bsp/ps7_cortexa9_0/lib -o "pufSoC.elf"  ./src/helloworld.o ./src/platform.o   -Wl,--start-group,-lxil,-lgcc,-lc,--end-group
'Finished building target: pufSoC.elf'
' '
'Invoking: ARM v7 Print Size'
arm-none-eabi-size pufSoC.elf  |tee "pufSoC.elf.size"
   text	   data	    bss	    dec	    hex	filename
  73164	   2612	  24400	 100176	  18750	pufSoC.elf
'Finished building: pufSoC.elf.size'
' '
03:12:40 **** Auto Build of configuration Debug for project pufSoC ****
make pre-build main-build 
a9-linaro-pre-build-step
' '
'Building file: ../src/helloworld.c'
'Invoking: ARM v7 gcc compiler'
arm-none-eabi-gcc -Wall -O0 -g3 -c -fmessage-length=0 -MT"src/helloworld.o" -mcpu=cortex-a9 -mfpu=vfpv3 -mfloat-abi=hard -I../../pufSoC_bsp/ps7_cortexa9_0/include -MMD -MP -MF"src/helloworld.d" -MT"src/helloworld.o" -o "src/helloworld.o" "../src/helloworld.c"
'Finished building: ../src/helloworld.c'
' '
'Building target: pufSoC.elf'
'Invoking: ARM v7 gcc linker'
arm-none-eabi-gcc -mcpu=cortex-a9 -mfpu=vfpv3 -mfloat-abi=hard -Wl,-build-id=none -specs=Xilinx.spec -Wl,-T -Wl,../src/lscript.ld -L../../pufSoC_bsp/ps7_cortexa9_0/lib -o "pufSoC.elf"  ./src/helloworld.o ./src/platform.o   -Wl,--start-group,-lxil,-lgcc,-lc,--end-group
'Finished building target: pufSoC.elf'
' '
'Invoking: ARM v7 Print Size'
arm-none-eabi-size pufSoC.elf  |tee "pufSoC.elf.size"
   text	   data	    bss	    dec	    hex	filename
  73164	   2612	  24400	 100176	  18750	pufSoC.elf
'Finished building: pufSoC.elf.size'
' '
03:12:46 **** Incremental Build of configuration Debug for project pufSoC ****
make pre-build main-build 
a9-linaro-pre-build-step
' '
make: Nothing to be done for `main-build'.
03:13:59 **** Auto Build of configuration Debug for project pufSoC ****
make pre-build main-build 
a9-linaro-pre-build-step
' '
'Building file: ../src/helloworld.c'
'Invoking: ARM v7 gcc compiler'
arm-none-eabi-gcc -Wall -O0 -g3 -c -fmessage-length=0 -MT"src/helloworld.o" -mcpu=cortex-a9 -mfpu=vfpv3 -mfloat-abi=hard -I../../pufSoC_bsp/ps7_cortexa9_0/include -MMD -MP -MF"src/helloworld.d" -MT"src/helloworld.o" -o "src/helloworld.o" "../src/helloworld.c"
'Finished building: ../src/helloworld.c'
' '
'Building target: pufSoC.elf'
'Invoking: ARM v7 gcc linker'
arm-none-eabi-gcc -mcpu=cortex-a9 -mfpu=vfpv3 -mfloat-abi=hard -Wl,-build-id=none -specs=Xilinx.spec -Wl,-T -Wl,../src/lscript.ld -L../../pufSoC_bsp/ps7_cortexa9_0/lib -o "pufSoC.elf"  ./src/helloworld.o ./src/platform.o   -Wl,--start-group,-lxil,-lgcc,-lc,--end-group
'Finished building target: pufSoC.elf'
' '
'Invoking: ARM v7 Print Size'
arm-none-eabi-size pufSoC.elf  |tee "pufSoC.elf.size"
   text	   data	    bss	    dec	    hex	filename
  73164	   2612	  24400	 100176	  18750	pufSoC.elf
'Finished building: pufSoC.elf.size'
' '
03:14:04 **** Incremental Build of configuration Debug for project pufSoC ****
make pre-build main-build 
a9-linaro-pre-build-step
' '
make: Nothing to be done for `main-build'.
03:14:37 **** Incremental Build of configuration Debug for project pufSoC ****
make pre-build main-build 
a9-linaro-pre-build-step
' '
make: Nothing to be done for `main-build'.
