Copyright 1986-2018 Xilinx, Inc. All Rights Reserved.
----------------------------------------------------------------------------------------------------------------------------------------------------------------------
| Tool Version     : Vivado v.2018.2 (win64) Build 2258646 Thu Jun 14 20:03:12 MDT 2018
| Date             : Wed Apr 22 02:23:08 2020
| Host             : DESKTOP-9CHGBR2 running 64-bit major release  (build 9200)
| Command          : report_power -file design_1_wrapper_power_routed.rpt -pb design_1_wrapper_power_summary_routed.pb -rpx design_1_wrapper_power_routed.rpx
| Design           : design_1_wrapper
| Device           : xc7z010clg400-1
| Design State     : routed
| Grade            : commercial
| Process          : typical
| Characterization : Production
----------------------------------------------------------------------------------------------------------------------------------------------------------------------

Power Report

Table of Contents
-----------------
1. Summary
1.1 On-Chip Components
1.2 Power Supply Summary
1.3 Confidence Level
2. Settings
2.1 Environment
2.2 Clock Constraints
3. Detailed Reports
3.1 By Hierarchy

1. Summary
----------

+--------------------------+--------------+
| Total On-Chip Power (W)  | 1.521        |
| Design Power Budget (W)  | Unspecified* |
| Power Budget Margin (W)  | NA           |
| Dynamic (W)              | 1.404        |
| Device Static (W)        | 0.117        |
| Effective TJA (C/W)      | 11.5         |
| Max Ambient (C)          | 67.5         |
| Junction Temperature (C) | 42.5         |
| Confidence Level         | Medium       |
| Setting File             | ---          |
| Simulation Activity File | ---          |
| Design Nets Matched      | NA           |
+--------------------------+--------------+
* Specify Design Power Budget using, set_operating_conditions -design_power_budget <value in Watts>


1.1 On-Chip Components
----------------------

+-------------------------+-----------+----------+-----------+-----------------+
| On-Chip                 | Power (W) | Used     | Available | Utilization (%) |
+-------------------------+-----------+----------+-----------+-----------------+
| Clocks                  |     0.002 |        3 |       --- |             --- |
| Slice Logic             |     0.001 |     2909 |       --- |             --- |
|   LUT as Logic          |     0.001 |     1312 |     17600 |            7.45 |
|   Register              |    <0.001 |      991 |     35200 |            2.82 |
|   CARRY4                |    <0.001 |       34 |      4400 |            0.77 |
|   F7/F8 Muxes           |    <0.001 |       39 |     17600 |            0.22 |
|   LUT as Shift Register |    <0.001 |       62 |      6000 |            1.03 |
|   Others                |     0.000 |      213 |       --- |             --- |
| Signals                 |     0.001 |     2277 |       --- |             --- |
| PS7                     |     1.399 |        1 |       --- |             --- |
| Static Power            |     0.117 |          |           |                 |
| Total                   |     1.521 |          |           |                 |
+-------------------------+-----------+----------+-----------+-----------------+


1.2 Power Supply Summary
------------------------

+-----------+-------------+-----------+-------------+------------+
| Source    | Voltage (V) | Total (A) | Dynamic (A) | Static (A) |
+-----------+-------------+-----------+-------------+------------+
| Vccint    |       1.000 |     0.011 |       0.005 |      0.007 |
| Vccaux    |       1.800 |     0.008 |       0.000 |      0.008 |
| Vcco33    |       3.300 |     0.000 |       0.000 |      0.000 |
| Vcco25    |       2.500 |     0.000 |       0.000 |      0.000 |
| Vcco18    |       1.800 |     0.000 |       0.000 |      0.000 |
| Vcco15    |       1.500 |     0.000 |       0.000 |      0.000 |
| Vcco135   |       1.350 |     0.000 |       0.000 |      0.000 |
| Vcco12    |       1.200 |     0.000 |       0.000 |      0.000 |
| Vccaux_io |       1.800 |     0.000 |       0.000 |      0.000 |
| Vccbram   |       1.000 |     0.000 |       0.000 |      0.000 |
| MGTAVcc   |       1.000 |     0.000 |       0.000 |      0.000 |
| MGTAVtt   |       1.200 |     0.000 |       0.000 |      0.000 |
| MGTVccaux |       1.800 |     0.000 |       0.000 |      0.000 |
| Vccpint   |       1.000 |     0.745 |       0.717 |      0.028 |
| Vccpaux   |       1.800 |     0.061 |       0.051 |      0.010 |
| Vccpll    |       1.800 |     0.017 |       0.014 |      0.003 |
| Vcco_ddr  |       1.350 |     0.413 |       0.411 |      0.002 |
| Vcco_mio0 |       3.300 |     0.003 |       0.002 |      0.001 |
| Vcco_mio1 |       1.800 |     0.003 |       0.002 |      0.001 |
| Vccadc    |       1.800 |     0.020 |       0.000 |      0.020 |
+-----------+-------------+-----------+-------------+------------+


1.3 Confidence Level
--------------------

+-----------------------------+------------+-------------------------------------------------------+--------------------------------------------------------------------------------------------------------------------+
| User Input Data             | Confidence | Details                                               | Action                                                                                                             |
+-----------------------------+------------+-------------------------------------------------------+--------------------------------------------------------------------------------------------------------------------+
| Design implementation state | High       | Design is routed                                      |                                                                                                                    |
| Clock nodes activity        | Medium     | More than 5% of clocks are missing user specification | Provide missing clock activity with a constraint file, simulation results or by editing the "By Clock Domain" view |
| I/O nodes activity          | High       | User specified more than 95% of inputs                |                                                                                                                    |
| Internal nodes activity     | Medium     | User specified less than 25% of internal nodes        | Provide missing internal nodes activity with simulation results or by editing the "By Resource Type" views         |
| Device models               | High       | Device models are Production                          |                                                                                                                    |
|                             |            |                                                       |                                                                                                                    |
| Overall confidence level    | Medium     |                                                       |                                                                                                                    |
+-----------------------------+------------+-------------------------------------------------------+--------------------------------------------------------------------------------------------------------------------+


2. Settings
-----------

2.1 Environment
---------------

+-----------------------+------------------------+
| Ambient Temp (C)      | 25.0                   |
| ThetaJA (C/W)         | 11.5                   |
| Airflow (LFM)         | 250                    |
| Heat Sink             | none                   |
| ThetaSA (C/W)         | 0.0                    |
| Board Selection       | medium (10"x10")       |
| # of Board Layers     | 8to11 (8 to 11 Layers) |
| Board Temperature (C) | 25.0                   |
+-----------------------+------------------------+


2.2 Clock Constraints
---------------------

+------------+-------------------------------------------------------------+-----------------+
| Clock      | Domain                                                      | Constraint (ns) |
+------------+-------------------------------------------------------------+-----------------+
| clk_fpga_0 | design_1_i/processing_system7_0/inst/FCLK_CLK_unbuffered[0] |            20.0 |
+------------+-------------------------------------------------------------+-----------------+


3. Detailed Reports
-------------------

3.1 By Hierarchy
----------------

+-----------------------------------------------------------------------------+-----------+
| Name                                                                        | Power (W) |
+-----------------------------------------------------------------------------+-----------+
| design_1_wrapper                                                            |     1.404 |
|   design_1_i                                                                |     1.404 |
|     axi_gpio_0                                                              |    <0.001 |
|       U0                                                                    |    <0.001 |
|         AXI_LITE_IPIF_I                                                     |    <0.001 |
|           I_SLAVE_ATTACHMENT                                                |    <0.001 |
|             I_DECODER                                                       |    <0.001 |
|               MEM_DECODE_GEN[0].PER_CE_GEN[0].MULTIPLE_CES_THIS_CS_GEN.CE_I |    <0.001 |
|               MEM_DECODE_GEN[0].PER_CE_GEN[2].MULTIPLE_CES_THIS_CS_GEN.CE_I |    <0.001 |
|         gpio_core_1                                                         |    <0.001 |
|     axi_gpio_1                                                              |    <0.001 |
|       U0                                                                    |    <0.001 |
|         AXI_LITE_IPIF_I                                                     |    <0.001 |
|           I_SLAVE_ATTACHMENT                                                |    <0.001 |
|             I_DECODER                                                       |    <0.001 |
|               MEM_DECODE_GEN[0].PER_CE_GEN[0].MULTIPLE_CES_THIS_CS_GEN.CE_I |    <0.001 |
|               MEM_DECODE_GEN[0].PER_CE_GEN[2].MULTIPLE_CES_THIS_CS_GEN.CE_I |    <0.001 |
|         gpio_core_1                                                         |    <0.001 |
|           Dual.INPUT_DOUBLE_REGS4                                           |    <0.001 |
|     processing_system7_0                                                    |     1.399 |
|       inst                                                                  |     1.399 |
|     ps7_0_axi_periph                                                        |     0.003 |
|       s00_couplers                                                          |     0.003 |
|         auto_pc                                                             |     0.003 |
|           inst                                                              |     0.003 |
|             gen_axilite.gen_b2s_conv.axilite_b2s                            |     0.003 |
|               RD.ar_channel_0                                               |    <0.001 |
|                 ar_cmd_fsm_0                                                |    <0.001 |
|                 cmd_translator_0                                            |    <0.001 |
|                   incr_cmd_0                                                |    <0.001 |
|                   wrap_cmd_0                                                |    <0.001 |
|               RD.r_channel_0                                                |    <0.001 |
|                 rd_data_fifo_0                                              |    <0.001 |
|                 transaction_fifo_0                                          |    <0.001 |
|               SI_REG                                                        |    <0.001 |
|                 ar.ar_pipe                                                  |    <0.001 |
|                 aw.aw_pipe                                                  |    <0.001 |
|                 b.b_pipe                                                    |    <0.001 |
|                 r.r_pipe                                                    |    <0.001 |
|               WR.aw_channel_0                                               |    <0.001 |
|                 aw_cmd_fsm_0                                                |    <0.001 |
|                 cmd_translator_0                                            |    <0.001 |
|                   incr_cmd_0                                                |    <0.001 |
|                   wrap_cmd_0                                                |    <0.001 |
|               WR.b_channel_0                                                |    <0.001 |
|                 bid_fifo_0                                                  |    <0.001 |
|                 bresp_fifo_0                                                |    <0.001 |
|       xbar                                                                  |    <0.001 |
|         inst                                                                |    <0.001 |
|           gen_sasd.crossbar_sasd_0                                          |    <0.001 |
|             addr_arbiter_inst                                               |    <0.001 |
|             gen_decerr.decerr_slave_inst                                    |    <0.001 |
|             reg_slice_r                                                     |    <0.001 |
|             splitter_ar                                                     |    <0.001 |
|             splitter_aw                                                     |    <0.001 |
|     ro_puf_0                                                                |     0.001 |
|       inst                                                                  |     0.001 |
|         roSet1                                                              |    <0.001 |
|         roSet2                                                              |    <0.001 |
|         ro_blocks[0].ro1                                                    |    <0.001 |
|           NAND0                                                             |    <0.001 |
|           NOT1                                                              |    <0.001 |
|           NOT2                                                              |    <0.001 |
|           NOT3                                                              |    <0.001 |
|           NOT4                                                              |    <0.001 |
|         ro_blocks[0].ro2                                                    |    <0.001 |
|           NAND0                                                             |    <0.001 |
|           NOT1                                                              |    <0.001 |
|           NOT2                                                              |    <0.001 |
|           NOT3                                                              |    <0.001 |
|           NOT4                                                              |    <0.001 |
|         ro_blocks[10].ro1                                                   |    <0.001 |
|           NAND0                                                             |    <0.001 |
|           NOT1                                                              |    <0.001 |
|           NOT2                                                              |    <0.001 |
|           NOT3                                                              |    <0.001 |
|           NOT4                                                              |    <0.001 |
|         ro_blocks[10].ro2                                                   |    <0.001 |
|           NAND0                                                             |    <0.001 |
|           NOT1                                                              |    <0.001 |
|           NOT2                                                              |    <0.001 |
|           NOT3                                                              |    <0.001 |
|           NOT4                                                              |    <0.001 |
|         ro_blocks[11].ro1                                                   |    <0.001 |
|           NAND0                                                             |    <0.001 |
|           NOT1                                                              |    <0.001 |
|           NOT2                                                              |    <0.001 |
|           NOT3                                                              |    <0.001 |
|           NOT4                                                              |    <0.001 |
|         ro_blocks[11].ro2                                                   |    <0.001 |
|           NAND0                                                             |    <0.001 |
|           NOT1                                                              |    <0.001 |
|           NOT2                                                              |    <0.001 |
|           NOT3                                                              |    <0.001 |
|           NOT4                                                              |    <0.001 |
|         ro_blocks[12].ro1                                                   |    <0.001 |
|           NAND0                                                             |    <0.001 |
|           NOT1                                                              |    <0.001 |
|           NOT2                                                              |    <0.001 |
|           NOT3                                                              |    <0.001 |
|           NOT4                                                              |    <0.001 |
|         ro_blocks[12].ro2                                                   |    <0.001 |
|           NAND0                                                             |    <0.001 |
|           NOT1                                                              |    <0.001 |
|           NOT2                                                              |    <0.001 |
|           NOT3                                                              |    <0.001 |
|           NOT4                                                              |    <0.001 |
|         ro_blocks[13].ro1                                                   |    <0.001 |
|           NAND0                                                             |    <0.001 |
|           NOT1                                                              |    <0.001 |
|           NOT2                                                              |    <0.001 |
|           NOT3                                                              |    <0.001 |
|           NOT4                                                              |    <0.001 |
|         ro_blocks[13].ro2                                                   |    <0.001 |
|           NAND0                                                             |    <0.001 |
|           NOT1                                                              |    <0.001 |
|           NOT2                                                              |    <0.001 |
|           NOT3                                                              |    <0.001 |
|           NOT4                                                              |    <0.001 |
|         ro_blocks[14].ro1                                                   |    <0.001 |
|           NAND0                                                             |    <0.001 |
|           NOT1                                                              |    <0.001 |
|           NOT2                                                              |    <0.001 |
|           NOT3                                                              |    <0.001 |
|           NOT4                                                              |    <0.001 |
|         ro_blocks[14].ro2                                                   |    <0.001 |
|           NAND0                                                             |    <0.001 |
|           NOT1                                                              |    <0.001 |
|           NOT2                                                              |    <0.001 |
|           NOT3                                                              |    <0.001 |
|           NOT4                                                              |    <0.001 |
|         ro_blocks[15].ro1                                                   |    <0.001 |
|           NAND0                                                             |    <0.001 |
|           NOT1                                                              |    <0.001 |
|           NOT2                                                              |    <0.001 |
|           NOT3                                                              |    <0.001 |
|           NOT4                                                              |    <0.001 |
|         ro_blocks[15].ro2                                                   |    <0.001 |
|           NAND0                                                             |    <0.001 |
|           NOT1                                                              |    <0.001 |
|           NOT2                                                              |    <0.001 |
|           NOT3                                                              |    <0.001 |
|           NOT4                                                              |    <0.001 |
|         ro_blocks[16].ro1                                                   |    <0.001 |
|           NAND0                                                             |    <0.001 |
|           NOT1                                                              |    <0.001 |
|           NOT2                                                              |    <0.001 |
|           NOT3                                                              |    <0.001 |
|           NOT4                                                              |    <0.001 |
|         ro_blocks[16].ro2                                                   |    <0.001 |
|           NAND0                                                             |    <0.001 |
|           NOT1                                                              |    <0.001 |
|           NOT2                                                              |    <0.001 |
|           NOT3                                                              |    <0.001 |
|           NOT4                                                              |    <0.001 |
|         ro_blocks[17].ro1                                                   |    <0.001 |
|           NAND0                                                             |    <0.001 |
|           NOT1                                                              |    <0.001 |
|           NOT2                                                              |    <0.001 |
|           NOT3                                                              |    <0.001 |
|           NOT4                                                              |    <0.001 |
|         ro_blocks[17].ro2                                                   |    <0.001 |
|           NAND0                                                             |    <0.001 |
|           NOT1                                                              |    <0.001 |
|           NOT2                                                              |    <0.001 |
|           NOT3                                                              |    <0.001 |
|           NOT4                                                              |    <0.001 |
|         ro_blocks[18].ro1                                                   |    <0.001 |
|           NAND0                                                             |    <0.001 |
|           NOT1                                                              |    <0.001 |
|           NOT2                                                              |    <0.001 |
|           NOT3                                                              |    <0.001 |
|           NOT4                                                              |    <0.001 |
|         ro_blocks[18].ro2                                                   |    <0.001 |
|           NAND0                                                             |    <0.001 |
|           NOT1                                                              |    <0.001 |
|           NOT2                                                              |    <0.001 |
|           NOT3                                                              |    <0.001 |
|           NOT4                                                              |    <0.001 |
|         ro_blocks[19].ro1                                                   |    <0.001 |
|           NAND0                                                             |    <0.001 |
|           NOT1                                                              |    <0.001 |
|           NOT2                                                              |    <0.001 |
|           NOT3                                                              |    <0.001 |
|           NOT4                                                              |    <0.001 |
|         ro_blocks[19].ro2                                                   |    <0.001 |
|           NAND0                                                             |    <0.001 |
|           NOT1                                                              |    <0.001 |
|           NOT2                                                              |    <0.001 |
|           NOT3                                                              |    <0.001 |
|           NOT4                                                              |    <0.001 |
|         ro_blocks[1].ro1                                                    |    <0.001 |
|           NAND0                                                             |    <0.001 |
|           NOT1                                                              |    <0.001 |
|           NOT2                                                              |    <0.001 |
|           NOT3                                                              |    <0.001 |
|           NOT4                                                              |    <0.001 |
|         ro_blocks[1].ro2                                                    |    <0.001 |
|           NAND0                                                             |    <0.001 |
|           NOT1                                                              |    <0.001 |
|           NOT2                                                              |    <0.001 |
|           NOT3                                                              |    <0.001 |
|           NOT4                                                              |    <0.001 |
|         ro_blocks[20].ro1                                                   |    <0.001 |
|           NAND0                                                             |    <0.001 |
|           NOT1                                                              |    <0.001 |
|           NOT2                                                              |    <0.001 |
|           NOT3                                                              |    <0.001 |
|           NOT4                                                              |    <0.001 |
|         ro_blocks[20].ro2                                                   |    <0.001 |
|           NAND0                                                             |    <0.001 |
|           NOT1                                                              |    <0.001 |
|           NOT2                                                              |    <0.001 |
|           NOT3                                                              |    <0.001 |
|           NOT4                                                              |    <0.001 |
|         ro_blocks[21].ro1                                                   |    <0.001 |
|           NAND0                                                             |    <0.001 |
|           NOT1                                                              |    <0.001 |
|           NOT2                                                              |    <0.001 |
|           NOT3                                                              |    <0.001 |
|           NOT4                                                              |    <0.001 |
|         ro_blocks[21].ro2                                                   |    <0.001 |
|           NAND0                                                             |    <0.001 |
|           NOT1                                                              |    <0.001 |
|           NOT2                                                              |    <0.001 |
|           NOT3                                                              |    <0.001 |
|           NOT4                                                              |    <0.001 |
|         ro_blocks[22].ro1                                                   |    <0.001 |
|           NAND0                                                             |    <0.001 |
|           NOT1                                                              |    <0.001 |
|           NOT2                                                              |    <0.001 |
|           NOT3                                                              |    <0.001 |
|           NOT4                                                              |    <0.001 |
|         ro_blocks[22].ro2                                                   |    <0.001 |
|           NAND0                                                             |    <0.001 |
|           NOT1                                                              |    <0.001 |
|           NOT2                                                              |    <0.001 |
|           NOT3                                                              |    <0.001 |
|           NOT4                                                              |    <0.001 |
|         ro_blocks[23].ro1                                                   |    <0.001 |
|           NAND0                                                             |    <0.001 |
|           NOT1                                                              |    <0.001 |
|           NOT2                                                              |    <0.001 |
|           NOT3                                                              |    <0.001 |
|           NOT4                                                              |    <0.001 |
|         ro_blocks[23].ro2                                                   |    <0.001 |
|           NAND0                                                             |    <0.001 |
|           NOT1                                                              |    <0.001 |
|           NOT2                                                              |    <0.001 |
|           NOT3                                                              |    <0.001 |
|           NOT4                                                              |    <0.001 |
|         ro_blocks[24].ro1                                                   |    <0.001 |
|           NAND0                                                             |    <0.001 |
|           NOT1                                                              |    <0.001 |
|           NOT2                                                              |    <0.001 |
|           NOT3                                                              |    <0.001 |
|           NOT4                                                              |    <0.001 |
|         ro_blocks[24].ro2                                                   |    <0.001 |
|           NAND0                                                             |    <0.001 |
|           NOT1                                                              |    <0.001 |
|           NOT2                                                              |    <0.001 |
|           NOT3                                                              |    <0.001 |
|           NOT4                                                              |    <0.001 |
|         ro_blocks[25].ro1                                                   |    <0.001 |
|           NAND0                                                             |    <0.001 |
|           NOT1                                                              |    <0.001 |
|           NOT2                                                              |    <0.001 |
|           NOT3                                                              |    <0.001 |
|           NOT4                                                              |    <0.001 |
|         ro_blocks[25].ro2                                                   |    <0.001 |
|           NAND0                                                             |    <0.001 |
|           NOT1                                                              |    <0.001 |
|           NOT2                                                              |    <0.001 |
|           NOT3                                                              |    <0.001 |
|           NOT4                                                              |    <0.001 |
|         ro_blocks[26].ro1                                                   |    <0.001 |
|           NAND0                                                             |    <0.001 |
|           NOT1                                                              |    <0.001 |
|           NOT2                                                              |    <0.001 |
|           NOT3                                                              |    <0.001 |
|           NOT4                                                              |    <0.001 |
|         ro_blocks[26].ro2                                                   |    <0.001 |
|           NAND0                                                             |    <0.001 |
|           NOT1                                                              |    <0.001 |
|           NOT2                                                              |    <0.001 |
|           NOT3                                                              |    <0.001 |
|           NOT4                                                              |    <0.001 |
|         ro_blocks[27].ro1                                                   |    <0.001 |
|           NAND0                                                             |    <0.001 |
|           NOT1                                                              |    <0.001 |
|           NOT2                                                              |    <0.001 |
|           NOT3                                                              |    <0.001 |
|           NOT4                                                              |    <0.001 |
|         ro_blocks[27].ro2                                                   |    <0.001 |
|           NAND0                                                             |    <0.001 |
|           NOT1                                                              |    <0.001 |
|           NOT2                                                              |    <0.001 |
|           NOT3                                                              |    <0.001 |
|           NOT4                                                              |    <0.001 |
|         ro_blocks[28].ro1                                                   |    <0.001 |
|           NAND0                                                             |    <0.001 |
|           NOT1                                                              |    <0.001 |
|           NOT2                                                              |    <0.001 |
|           NOT3                                                              |    <0.001 |
|           NOT4                                                              |    <0.001 |
|         ro_blocks[28].ro2                                                   |    <0.001 |
|           NAND0                                                             |    <0.001 |
|           NOT1                                                              |    <0.001 |
|           NOT2                                                              |    <0.001 |
|           NOT3                                                              |    <0.001 |
|           NOT4                                                              |    <0.001 |
|         ro_blocks[29].ro1                                                   |    <0.001 |
|           NAND0                                                             |    <0.001 |
|           NOT1                                                              |    <0.001 |
|           NOT2                                                              |    <0.001 |
|           NOT3                                                              |    <0.001 |
|           NOT4                                                              |    <0.001 |
|         ro_blocks[29].ro2                                                   |    <0.001 |
|           NAND0                                                             |    <0.001 |
|           NOT1                                                              |    <0.001 |
|           NOT2                                                              |    <0.001 |
|           NOT3                                                              |    <0.001 |
|           NOT4                                                              |    <0.001 |
|         ro_blocks[2].ro1                                                    |    <0.001 |
|           NAND0                                                             |    <0.001 |
|           NOT1                                                              |    <0.001 |
|           NOT2                                                              |    <0.001 |
|           NOT3                                                              |    <0.001 |
|           NOT4                                                              |    <0.001 |
|         ro_blocks[2].ro2                                                    |    <0.001 |
|           NAND0                                                             |    <0.001 |
|           NOT1                                                              |    <0.001 |
|           NOT2                                                              |    <0.001 |
|           NOT3                                                              |    <0.001 |
|           NOT4                                                              |    <0.001 |
|         ro_blocks[30].ro1                                                   |    <0.001 |
|           NAND0                                                             |    <0.001 |
|           NOT1                                                              |    <0.001 |
|           NOT2                                                              |    <0.001 |
|           NOT3                                                              |    <0.001 |
|           NOT4                                                              |    <0.001 |
|         ro_blocks[30].ro2                                                   |    <0.001 |
|           NAND0                                                             |    <0.001 |
|           NOT1                                                              |    <0.001 |
|           NOT2                                                              |    <0.001 |
|           NOT3                                                              |    <0.001 |
|           NOT4                                                              |    <0.001 |
|         ro_blocks[31].ro1                                                   |    <0.001 |
|           NAND0                                                             |    <0.001 |
|           NOT1                                                              |    <0.001 |
|           NOT2                                                              |    <0.001 |
|           NOT3                                                              |    <0.001 |
|           NOT4                                                              |    <0.001 |
|         ro_blocks[31].ro2                                                   |    <0.001 |
|           NAND0                                                             |    <0.001 |
|           NOT1                                                              |    <0.001 |
|           NOT2                                                              |    <0.001 |
|           NOT3                                                              |    <0.001 |
|           NOT4                                                              |    <0.001 |
|         ro_blocks[32].ro1                                                   |    <0.001 |
|           NAND0                                                             |    <0.001 |
|           NOT1                                                              |    <0.001 |
|           NOT2                                                              |    <0.001 |
|           NOT3                                                              |    <0.001 |
|           NOT4                                                              |    <0.001 |
|         ro_blocks[32].ro2                                                   |    <0.001 |
|           NAND0                                                             |    <0.001 |
|           NOT1                                                              |    <0.001 |
|           NOT2                                                              |    <0.001 |
|           NOT3                                                              |    <0.001 |
|           NOT4                                                              |    <0.001 |
|         ro_blocks[33].ro1                                                   |    <0.001 |
|           NAND0                                                             |    <0.001 |
|           NOT1                                                              |    <0.001 |
|           NOT2                                                              |    <0.001 |
|           NOT3                                                              |    <0.001 |
|           NOT4                                                              |    <0.001 |
|         ro_blocks[33].ro2                                                   |    <0.001 |
|           NAND0                                                             |    <0.001 |
|           NOT1                                                              |    <0.001 |
|           NOT2                                                              |    <0.001 |
|           NOT3                                                              |    <0.001 |
|           NOT4                                                              |    <0.001 |
|         ro_blocks[34].ro1                                                   |    <0.001 |
|           NAND0                                                             |    <0.001 |
|           NOT1                                                              |    <0.001 |
|           NOT2                                                              |    <0.001 |
|           NOT3                                                              |    <0.001 |
|           NOT4                                                              |    <0.001 |
|         ro_blocks[34].ro2                                                   |    <0.001 |
|           NAND0                                                             |    <0.001 |
|           NOT1                                                              |    <0.001 |
|           NOT2                                                              |    <0.001 |
|           NOT3                                                              |    <0.001 |
|           NOT4                                                              |    <0.001 |
|         ro_blocks[35].ro1                                                   |    <0.001 |
|           NAND0                                                             |    <0.001 |
|           NOT1                                                              |    <0.001 |
|           NOT2                                                              |    <0.001 |
|           NOT3                                                              |    <0.001 |
|           NOT4                                                              |    <0.001 |
|         ro_blocks[35].ro2                                                   |    <0.001 |
|           NAND0                                                             |    <0.001 |
|           NOT1                                                              |    <0.001 |
|           NOT2                                                              |    <0.001 |
|           NOT3                                                              |    <0.001 |
|           NOT4                                                              |    <0.001 |
|         ro_blocks[36].ro1                                                   |    <0.001 |
|           NAND0                                                             |    <0.001 |
|           NOT1                                                              |    <0.001 |
|           NOT2                                                              |    <0.001 |
|           NOT3                                                              |    <0.001 |
|           NOT4                                                              |    <0.001 |
|         ro_blocks[36].ro2                                                   |    <0.001 |
|           NAND0                                                             |    <0.001 |
|           NOT1                                                              |    <0.001 |
|           NOT2                                                              |    <0.001 |
|           NOT3                                                              |    <0.001 |
|           NOT4                                                              |    <0.001 |
|         ro_blocks[37].ro1                                                   |    <0.001 |
|           NAND0                                                             |    <0.001 |
|           NOT1                                                              |    <0.001 |
|           NOT2                                                              |    <0.001 |
|           NOT3                                                              |    <0.001 |
|           NOT4                                                              |    <0.001 |
|         ro_blocks[37].ro2                                                   |    <0.001 |
|           NAND0                                                             |    <0.001 |
|           NOT1                                                              |    <0.001 |
|           NOT2                                                              |    <0.001 |
|           NOT3                                                              |    <0.001 |
|           NOT4                                                              |    <0.001 |
|         ro_blocks[38].ro1                                                   |    <0.001 |
|           NAND0                                                             |    <0.001 |
|           NOT1                                                              |    <0.001 |
|           NOT2                                                              |    <0.001 |
|           NOT3                                                              |    <0.001 |
|           NOT4                                                              |    <0.001 |
|         ro_blocks[38].ro2                                                   |    <0.001 |
|           NAND0                                                             |    <0.001 |
|           NOT1                                                              |    <0.001 |
|           NOT2                                                              |    <0.001 |
|           NOT3                                                              |    <0.001 |
|           NOT4                                                              |    <0.001 |
|         ro_blocks[39].ro1                                                   |    <0.001 |
|           NAND0                                                             |    <0.001 |
|           NOT1                                                              |    <0.001 |
|           NOT2                                                              |    <0.001 |
|           NOT3                                                              |    <0.001 |
|           NOT4                                                              |    <0.001 |
|         ro_blocks[39].ro2                                                   |    <0.001 |
|           NAND0                                                             |    <0.001 |
|           NOT1                                                              |    <0.001 |
|           NOT2                                                              |    <0.001 |
|           NOT3                                                              |    <0.001 |
|           NOT4                                                              |    <0.001 |
|         ro_blocks[3].ro1                                                    |    <0.001 |
|           NAND0                                                             |    <0.001 |
|           NOT1                                                              |    <0.001 |
|           NOT2                                                              |    <0.001 |
|           NOT3                                                              |    <0.001 |
|           NOT4                                                              |    <0.001 |
|         ro_blocks[3].ro2                                                    |    <0.001 |
|           NAND0                                                             |    <0.001 |
|           NOT1                                                              |    <0.001 |
|           NOT2                                                              |    <0.001 |
|           NOT3                                                              |    <0.001 |
|           NOT4                                                              |    <0.001 |
|         ro_blocks[40].ro1                                                   |    <0.001 |
|           NAND0                                                             |    <0.001 |
|           NOT1                                                              |    <0.001 |
|           NOT2                                                              |    <0.001 |
|           NOT3                                                              |    <0.001 |
|           NOT4                                                              |    <0.001 |
|         ro_blocks[40].ro2                                                   |    <0.001 |
|           NAND0                                                             |    <0.001 |
|           NOT1                                                              |    <0.001 |
|           NOT2                                                              |    <0.001 |
|           NOT3                                                              |    <0.001 |
|           NOT4                                                              |    <0.001 |
|         ro_blocks[41].ro1                                                   |    <0.001 |
|           NAND0                                                             |    <0.001 |
|           NOT1                                                              |    <0.001 |
|           NOT2                                                              |    <0.001 |
|           NOT3                                                              |    <0.001 |
|           NOT4                                                              |    <0.001 |
|         ro_blocks[41].ro2                                                   |    <0.001 |
|           NAND0                                                             |    <0.001 |
|           NOT1                                                              |    <0.001 |
|           NOT2                                                              |    <0.001 |
|           NOT3                                                              |    <0.001 |
|           NOT4                                                              |    <0.001 |
|         ro_blocks[42].ro1                                                   |    <0.001 |
|           NAND0                                                             |    <0.001 |
|           NOT1                                                              |    <0.001 |
|           NOT2                                                              |    <0.001 |
|           NOT3                                                              |    <0.001 |
|           NOT4                                                              |    <0.001 |
|         ro_blocks[42].ro2                                                   |    <0.001 |
|           NAND0                                                             |    <0.001 |
|           NOT1                                                              |    <0.001 |
|           NOT2                                                              |    <0.001 |
|           NOT3                                                              |    <0.001 |
|           NOT4                                                              |    <0.001 |
|         ro_blocks[43].ro1                                                   |    <0.001 |
|           NAND0                                                             |    <0.001 |
|           NOT1                                                              |    <0.001 |
|           NOT2                                                              |    <0.001 |
|           NOT3                                                              |    <0.001 |
|           NOT4                                                              |    <0.001 |
|         ro_blocks[43].ro2                                                   |    <0.001 |
|           NAND0                                                             |    <0.001 |
|           NOT1                                                              |    <0.001 |
|           NOT2                                                              |    <0.001 |
|           NOT3                                                              |    <0.001 |
|           NOT4                                                              |    <0.001 |
|         ro_blocks[44].ro1                                                   |    <0.001 |
|           NAND0                                                             |    <0.001 |
|           NOT1                                                              |    <0.001 |
|           NOT2                                                              |    <0.001 |
|           NOT3                                                              |    <0.001 |
|           NOT4                                                              |    <0.001 |
|         ro_blocks[44].ro2                                                   |    <0.001 |
|           NAND0                                                             |    <0.001 |
|           NOT1                                                              |    <0.001 |
|           NOT2                                                              |    <0.001 |
|           NOT3                                                              |    <0.001 |
|           NOT4                                                              |    <0.001 |
|         ro_blocks[45].ro1                                                   |    <0.001 |
|           NAND0                                                             |    <0.001 |
|           NOT1                                                              |    <0.001 |
|           NOT2                                                              |    <0.001 |
|           NOT3                                                              |    <0.001 |
|           NOT4                                                              |    <0.001 |
|         ro_blocks[45].ro2                                                   |    <0.001 |
|           NAND0                                                             |    <0.001 |
|           NOT1                                                              |    <0.001 |
|           NOT2                                                              |    <0.001 |
|           NOT3                                                              |    <0.001 |
|           NOT4                                                              |    <0.001 |
|         ro_blocks[46].ro1                                                   |    <0.001 |
|           NAND0                                                             |    <0.001 |
|           NOT1                                                              |    <0.001 |
|           NOT2                                                              |    <0.001 |
|           NOT3                                                              |    <0.001 |
|           NOT4                                                              |    <0.001 |
|         ro_blocks[46].ro2                                                   |    <0.001 |
|           NAND0                                                             |    <0.001 |
|           NOT1                                                              |    <0.001 |
|           NOT2                                                              |    <0.001 |
|           NOT3                                                              |    <0.001 |
|           NOT4                                                              |    <0.001 |
|         ro_blocks[47].ro1                                                   |    <0.001 |
|           NAND0                                                             |    <0.001 |
|           NOT1                                                              |    <0.001 |
|           NOT2                                                              |    <0.001 |
|           NOT3                                                              |    <0.001 |
|           NOT4                                                              |    <0.001 |
|         ro_blocks[47].ro2                                                   |    <0.001 |
|           NAND0                                                             |    <0.001 |
|           NOT1                                                              |    <0.001 |
|           NOT2                                                              |    <0.001 |
|           NOT3                                                              |    <0.001 |
|           NOT4                                                              |    <0.001 |
|         ro_blocks[48].ro1                                                   |    <0.001 |
|           NAND0                                                             |    <0.001 |
|           NOT1                                                              |    <0.001 |
|           NOT2                                                              |    <0.001 |
|           NOT3                                                              |    <0.001 |
|           NOT4                                                              |    <0.001 |
|         ro_blocks[48].ro2                                                   |    <0.001 |
|           NAND0                                                             |    <0.001 |
|           NOT1                                                              |    <0.001 |
|           NOT2                                                              |    <0.001 |
|           NOT3                                                              |    <0.001 |
|           NOT4                                                              |    <0.001 |
|         ro_blocks[49].ro1                                                   |    <0.001 |
|           NAND0                                                             |    <0.001 |
|           NOT1                                                              |    <0.001 |
|           NOT2                                                              |    <0.001 |
|           NOT3                                                              |    <0.001 |
|           NOT4                                                              |    <0.001 |
|         ro_blocks[49].ro2                                                   |    <0.001 |
|           NAND0                                                             |    <0.001 |
|           NOT1                                                              |    <0.001 |
|           NOT2                                                              |    <0.001 |
|           NOT3                                                              |    <0.001 |
|           NOT4                                                              |    <0.001 |
|         ro_blocks[4].ro1                                                    |    <0.001 |
|           NAND0                                                             |    <0.001 |
|           NOT1                                                              |    <0.001 |
|           NOT2                                                              |    <0.001 |
|           NOT3                                                              |    <0.001 |
|           NOT4                                                              |    <0.001 |
|         ro_blocks[4].ro2                                                    |    <0.001 |
|           NAND0                                                             |    <0.001 |
|           NOT1                                                              |    <0.001 |
|           NOT2                                                              |    <0.001 |
|           NOT3                                                              |    <0.001 |
|           NOT4                                                              |    <0.001 |
|         ro_blocks[50].ro1                                                   |    <0.001 |
|           NAND0                                                             |    <0.001 |
|           NOT1                                                              |    <0.001 |
|           NOT2                                                              |    <0.001 |
|           NOT3                                                              |    <0.001 |
|           NOT4                                                              |    <0.001 |
|         ro_blocks[50].ro2                                                   |    <0.001 |
|           NAND0                                                             |    <0.001 |
|           NOT1                                                              |    <0.001 |
|           NOT2                                                              |    <0.001 |
|           NOT3                                                              |    <0.001 |
|           NOT4                                                              |    <0.001 |
|         ro_blocks[51].ro1                                                   |    <0.001 |
|           NAND0                                                             |    <0.001 |
|           NOT1                                                              |    <0.001 |
|           NOT2                                                              |    <0.001 |
|           NOT3                                                              |    <0.001 |
|           NOT4                                                              |    <0.001 |
|         ro_blocks[51].ro2                                                   |    <0.001 |
|           NAND0                                                             |    <0.001 |
|           NOT1                                                              |    <0.001 |
|           NOT2                                                              |    <0.001 |
|           NOT3                                                              |    <0.001 |
|           NOT4                                                              |    <0.001 |
|         ro_blocks[52].ro1                                                   |    <0.001 |
|           NAND0                                                             |    <0.001 |
|           NOT1                                                              |    <0.001 |
|           NOT2                                                              |    <0.001 |
|           NOT3                                                              |    <0.001 |
|           NOT4                                                              |    <0.001 |
|         ro_blocks[52].ro2                                                   |    <0.001 |
|           NAND0                                                             |    <0.001 |
|           NOT1                                                              |    <0.001 |
|           NOT2                                                              |    <0.001 |
|           NOT3                                                              |    <0.001 |
|           NOT4                                                              |    <0.001 |
|         ro_blocks[53].ro1                                                   |    <0.001 |
|           NAND0                                                             |    <0.001 |
|           NOT1                                                              |    <0.001 |
|           NOT2                                                              |    <0.001 |
|           NOT3                                                              |    <0.001 |
|           NOT4                                                              |    <0.001 |
|         ro_blocks[53].ro2                                                   |    <0.001 |
|           NAND0                                                             |    <0.001 |
|           NOT1                                                              |    <0.001 |
|           NOT2                                                              |    <0.001 |
|           NOT3                                                              |    <0.001 |
|           NOT4                                                              |    <0.001 |
|         ro_blocks[54].ro1                                                   |    <0.001 |
|           NAND0                                                             |    <0.001 |
|           NOT1                                                              |    <0.001 |
|           NOT2                                                              |    <0.001 |
|           NOT3                                                              |    <0.001 |
|           NOT4                                                              |    <0.001 |
|         ro_blocks[54].ro2                                                   |    <0.001 |
|           NAND0                                                             |    <0.001 |
|           NOT1                                                              |    <0.001 |
|           NOT2                                                              |    <0.001 |
|           NOT3                                                              |    <0.001 |
|           NOT4                                                              |    <0.001 |
|         ro_blocks[55].ro1                                                   |    <0.001 |
|           NAND0                                                             |    <0.001 |
|           NOT1                                                              |    <0.001 |
|           NOT2                                                              |    <0.001 |
|           NOT3                                                              |    <0.001 |
|           NOT4                                                              |    <0.001 |
|         ro_blocks[55].ro2                                                   |    <0.001 |
|           NAND0                                                             |    <0.001 |
|           NOT1                                                              |    <0.001 |
|           NOT2                                                              |    <0.001 |
|           NOT3                                                              |    <0.001 |
|           NOT4                                                              |    <0.001 |
|         ro_blocks[56].ro1                                                   |    <0.001 |
|           NAND0                                                             |    <0.001 |
|           NOT1                                                              |    <0.001 |
|           NOT2                                                              |    <0.001 |
|           NOT3                                                              |    <0.001 |
|           NOT4                                                              |    <0.001 |
|         ro_blocks[56].ro2                                                   |    <0.001 |
|           NAND0                                                             |    <0.001 |
|           NOT1                                                              |    <0.001 |
|           NOT2                                                              |    <0.001 |
|           NOT3                                                              |    <0.001 |
|           NOT4                                                              |    <0.001 |
|         ro_blocks[57].ro1                                                   |    <0.001 |
|           NAND0                                                             |    <0.001 |
|           NOT1                                                              |    <0.001 |
|           NOT2                                                              |    <0.001 |
|           NOT3                                                              |    <0.001 |
|           NOT4                                                              |    <0.001 |
|         ro_blocks[57].ro2                                                   |    <0.001 |
|           NAND0                                                             |    <0.001 |
|           NOT1                                                              |    <0.001 |
|           NOT2                                                              |    <0.001 |
|           NOT3                                                              |    <0.001 |
|           NOT4                                                              |    <0.001 |
|         ro_blocks[58].ro1                                                   |    <0.001 |
|           NAND0                                                             |    <0.001 |
|           NOT1                                                              |    <0.001 |
|           NOT2                                                              |    <0.001 |
|           NOT3                                                              |    <0.001 |
|           NOT4                                                              |    <0.001 |
|         ro_blocks[58].ro2                                                   |    <0.001 |
|           NAND0                                                             |    <0.001 |
|           NOT1                                                              |    <0.001 |
|           NOT2                                                              |    <0.001 |
|           NOT3                                                              |    <0.001 |
|           NOT4                                                              |    <0.001 |
|         ro_blocks[59].ro1                                                   |    <0.001 |
|           NAND0                                                             |    <0.001 |
|           NOT1                                                              |    <0.001 |
|           NOT2                                                              |    <0.001 |
|           NOT3                                                              |    <0.001 |
|           NOT4                                                              |    <0.001 |
|         ro_blocks[59].ro2                                                   |    <0.001 |
|           NAND0                                                             |    <0.001 |
|           NOT1                                                              |    <0.001 |
|           NOT2                                                              |    <0.001 |
|           NOT3                                                              |    <0.001 |
|           NOT4                                                              |    <0.001 |
|         ro_blocks[5].ro1                                                    |    <0.001 |
|           NAND0                                                             |    <0.001 |
|           NOT1                                                              |    <0.001 |
|           NOT2                                                              |    <0.001 |
|           NOT3                                                              |    <0.001 |
|           NOT4                                                              |    <0.001 |
|         ro_blocks[5].ro2                                                    |    <0.001 |
|           NAND0                                                             |    <0.001 |
|           NOT1                                                              |    <0.001 |
|           NOT2                                                              |    <0.001 |
|           NOT3                                                              |    <0.001 |
|           NOT4                                                              |    <0.001 |
|         ro_blocks[60].ro1                                                   |    <0.001 |
|           NAND0                                                             |    <0.001 |
|           NOT1                                                              |    <0.001 |
|           NOT2                                                              |    <0.001 |
|           NOT3                                                              |    <0.001 |
|           NOT4                                                              |    <0.001 |
|         ro_blocks[60].ro2                                                   |    <0.001 |
|           NAND0                                                             |    <0.001 |
|           NOT1                                                              |    <0.001 |
|           NOT2                                                              |    <0.001 |
|           NOT3                                                              |    <0.001 |
|           NOT4                                                              |    <0.001 |
|         ro_blocks[61].ro1                                                   |    <0.001 |
|           NAND0                                                             |    <0.001 |
|           NOT1                                                              |    <0.001 |
|           NOT2                                                              |    <0.001 |
|           NOT3                                                              |    <0.001 |
|           NOT4                                                              |    <0.001 |
|         ro_blocks[61].ro2                                                   |    <0.001 |
|           NAND0                                                             |    <0.001 |
|           NOT1                                                              |    <0.001 |
|           NOT2                                                              |    <0.001 |
|           NOT3                                                              |    <0.001 |
|           NOT4                                                              |    <0.001 |
|         ro_blocks[62].ro1                                                   |    <0.001 |
|           NAND0                                                             |    <0.001 |
|           NOT1                                                              |    <0.001 |
|           NOT2                                                              |    <0.001 |
|           NOT3                                                              |    <0.001 |
|           NOT4                                                              |    <0.001 |
|         ro_blocks[62].ro2                                                   |    <0.001 |
|           NAND0                                                             |    <0.001 |
|           NOT1                                                              |    <0.001 |
|           NOT2                                                              |    <0.001 |
|           NOT3                                                              |    <0.001 |
|           NOT4                                                              |    <0.001 |
|         ro_blocks[63].ro1                                                   |    <0.001 |
|           NAND0                                                             |    <0.001 |
|           NOT1                                                              |    <0.001 |
|           NOT2                                                              |    <0.001 |
|           NOT3                                                              |    <0.001 |
|           NOT4                                                              |    <0.001 |
|         ro_blocks[63].ro2                                                   |    <0.001 |
|           NAND0                                                             |    <0.001 |
|           NOT1                                                              |    <0.001 |
|           NOT2                                                              |    <0.001 |
|           NOT3                                                              |    <0.001 |
|           NOT4                                                              |    <0.001 |
|         ro_blocks[6].ro1                                                    |    <0.001 |
|           NAND0                                                             |    <0.001 |
|           NOT1                                                              |    <0.001 |
|           NOT2                                                              |    <0.001 |
|           NOT3                                                              |    <0.001 |
|           NOT4                                                              |    <0.001 |
|         ro_blocks[6].ro2                                                    |    <0.001 |
|           NAND0                                                             |    <0.001 |
|           NOT1                                                              |    <0.001 |
|           NOT2                                                              |    <0.001 |
|           NOT3                                                              |    <0.001 |
|           NOT4                                                              |    <0.001 |
|         ro_blocks[7].ro1                                                    |    <0.001 |
|           NAND0                                                             |    <0.001 |
|           NOT1                                                              |    <0.001 |
|           NOT2                                                              |    <0.001 |
|           NOT3                                                              |    <0.001 |
|           NOT4                                                              |    <0.001 |
|         ro_blocks[7].ro2                                                    |    <0.001 |
|           NAND0                                                             |    <0.001 |
|           NOT1                                                              |    <0.001 |
|           NOT2                                                              |    <0.001 |
|           NOT3                                                              |    <0.001 |
|           NOT4                                                              |    <0.001 |
|         ro_blocks[8].ro1                                                    |    <0.001 |
|           NAND0                                                             |    <0.001 |
|           NOT1                                                              |    <0.001 |
|           NOT2                                                              |    <0.001 |
|           NOT3                                                              |    <0.001 |
|           NOT4                                                              |    <0.001 |
|         ro_blocks[8].ro2                                                    |    <0.001 |
|           NAND0                                                             |    <0.001 |
|           NOT1                                                              |    <0.001 |
|           NOT2                                                              |    <0.001 |
|           NOT3                                                              |    <0.001 |
|           NOT4                                                              |    <0.001 |
|         ro_blocks[9].ro1                                                    |    <0.001 |
|           NAND0                                                             |    <0.001 |
|           NOT1                                                              |    <0.001 |
|           NOT2                                                              |    <0.001 |
|           NOT3                                                              |    <0.001 |
|           NOT4                                                              |    <0.001 |
|         ro_blocks[9].ro2                                                    |    <0.001 |
|           NAND0                                                             |    <0.001 |
|           NOT1                                                              |    <0.001 |
|           NOT2                                                              |    <0.001 |
|           NOT3                                                              |    <0.001 |
|           NOT4                                                              |    <0.001 |
|     rst_ps7_0_50M                                                           |    <0.001 |
|       U0                                                                    |    <0.001 |
|         EXT_LPF                                                             |    <0.001 |
|           ACTIVE_LOW_AUX.ACT_LO_AUX                                         |    <0.001 |
|           ACTIVE_LOW_EXT.ACT_LO_EXT                                         |    <0.001 |
|         SEQ                                                                 |    <0.001 |
|           SEQ_COUNTER                                                       |    <0.001 |
+-----------------------------------------------------------------------------+-----------+


